
AVRASM ver. 2.1.30  E:\Micro\hw4\Debug\List\hw4.asm Wed Jan 01 23:33:50 2020

E:\Micro\hw4\Debug\List\hw4.asm(1088): warning: Register r4 already defined by the .DEF directive
E:\Micro\hw4\Debug\List\hw4.asm(1089): warning: Register r5 already defined by the .DEF directive
E:\Micro\hw4\Debug\List\hw4.asm(1090): warning: Register r6 already defined by the .DEF directive
E:\Micro\hw4\Debug\List\hw4.asm(1091): warning: Register r7 already defined by the .DEF directive
E:\Micro\hw4\Debug\List\hw4.asm(1092): warning: Register r8 already defined by the .DEF directive
E:\Micro\hw4\Debug\List\hw4.asm(1093): warning: Register r9 already defined by the .DEF directive
E:\Micro\hw4\Debug\List\hw4.asm(1094): warning: Register r10 already defined by the .DEF directive
E:\Micro\hw4\Debug\List\hw4.asm(1095): warning: Register r11 already defined by the .DEF directive
E:\Micro\hw4\Debug\List\hw4.asm(1096): warning: Register r12 already defined by the .DEF directive
E:\Micro\hw4\Debug\List\hw4.asm(1097): warning: Register r13 already defined by the .DEF directive
                 
                 
                 ;CodeVisionAVR C Compiler V3.12 Advanced
                 ;(C) Copyright 1998-2014 Pavel Haiduc, HP InfoTech s.r.l.
                 ;http://www.hpinfotech.com
                 
                 ;Build configuration    : Debug
                 ;Chip type              : ATmega32
                 ;Program type           : Application
                 ;Clock frequency        : 8.000000 MHz
                 ;Memory model           : Small
                 ;Optimize for           : Size
                 ;(s)printf features     : int, width
                 ;(s)scanf features      : int, width
                 ;External RAM size      : 0
                 ;Data Stack size        : 512 byte(s)
                 ;Heap size              : 0 byte(s)
                 ;Promote 'char' to 'int': Yes
                 ;'char' is unsigned     : Yes
                 ;8 bit enums            : Yes
                 ;Global 'const' stored in FLASH: Yes
                 ;Enhanced function parameter passing: Yes
                 ;Enhanced core instructions: On
                 ;Automatic register allocation for global variables: On
                 ;Smart register allocation: On
                 
                 	#define _MODEL_SMALL_
                 
                 	#pragma AVRPART ADMIN PART_NAME ATmega32
                 	#pragma AVRPART MEMORY PROG_FLASH 32768
                 	#pragma AVRPART MEMORY EEPROM 1024
                 	#pragma AVRPART MEMORY INT_SRAM SIZE 2048
                 	#pragma AVRPART MEMORY INT_SRAM START_ADDR 0x60
                 
                 	#define CALL_SUPPORTED 1
                 
                 	.LISTMAC
                 	.EQU UDRE=0x5
                 	.EQU RXC=0x7
                 	.EQU USR=0xB
                 	.EQU UDR=0xC
                 	.EQU SPSR=0xE
                 	.EQU SPDR=0xF
                 	.EQU EERE=0x0
                 	.EQU EEWE=0x1
                 	.EQU EEMWE=0x2
                 	.EQU EECR=0x1C
                 	.EQU EEDR=0x1D
                 	.EQU EEARL=0x1E
                 	.EQU EEARH=0x1F
                 	.EQU WDTCR=0x21
                 	.EQU MCUCR=0x35
                 	.EQU GICR=0x3B
                 	.EQU SPL=0x3D
                 	.EQU SPH=0x3E
                 	.EQU SREG=0x3F
                 
                 	.DEF R0X0=R0
                 	.DEF R0X1=R1
                 	.DEF R0X2=R2
                 	.DEF R0X3=R3
                 	.DEF R0X4=R4
                 	.DEF R0X5=R5
                 	.DEF R0X6=R6
                 	.DEF R0X7=R7
                 	.DEF R0X8=R8
                 	.DEF R0X9=R9
                 	.DEF R0XA=R10
                 	.DEF R0XB=R11
                 	.DEF R0XC=R12
                 	.DEF R0XD=R13
                 	.DEF R0XE=R14
                 	.DEF R0XF=R15
                 	.DEF R0X10=R16
                 	.DEF R0X11=R17
                 	.DEF R0X12=R18
                 	.DEF R0X13=R19
                 	.DEF R0X14=R20
                 	.DEF R0X15=R21
                 	.DEF R0X16=R22
                 	.DEF R0X17=R23
                 	.DEF R0X18=R24
                 	.DEF R0X19=R25
                 	.DEF R0X1A=R26
                 	.DEF R0X1B=R27
                 	.DEF R0X1C=R28
                 	.DEF R0X1D=R29
                 	.DEF R0X1E=R30
                 	.DEF R0X1F=R31
                 
                 	.EQU __SRAM_START=0x0060
                 	.EQU __SRAM_END=0x085F
                 	.EQU __DSTACK_SIZE=0x0200
                 	.EQU __HEAP_SIZE=0x0000
                 	.EQU __CLEAR_SRAM_SIZE=__SRAM_END-__SRAM_START+1
                 
                 	.MACRO __CPD1N
                 	CPI  R30,LOW(@0)
                 	LDI  R26,HIGH(@0)
                 	CPC  R31,R26
                 	LDI  R26,BYTE3(@0)
                 	CPC  R22,R26
                 	LDI  R26,BYTE4(@0)
                 	CPC  R23,R26
                 	.ENDM
                 
                 	.MACRO __CPD2N
                 	CPI  R26,LOW(@0)
                 	LDI  R30,HIGH(@0)
                 	CPC  R27,R30
                 	LDI  R30,BYTE3(@0)
                 	CPC  R24,R30
                 	LDI  R30,BYTE4(@0)
                 	CPC  R25,R30
                 	.ENDM
                 
                 	.MACRO __CPWRR
                 	CP   R@0,R@2
                 	CPC  R@1,R@3
                 	.ENDM
                 
                 	.MACRO __CPWRN
                 	CPI  R@0,LOW(@2)
                 	LDI  R30,HIGH(@2)
                 	CPC  R@1,R30
                 	.ENDM
                 
                 	.MACRO __ADDB1MN
                 	SUBI R30,LOW(-@0-(@1))
                 	.ENDM
                 
                 	.MACRO __ADDB2MN
                 	SUBI R26,LOW(-@0-(@1))
                 	.ENDM
                 
                 	.MACRO __ADDW1MN
                 	SUBI R30,LOW(-@0-(@1))
                 	SBCI R31,HIGH(-@0-(@1))
                 	.ENDM
                 
                 	.MACRO __ADDW2MN
                 	SUBI R26,LOW(-@0-(@1))
                 	SBCI R27,HIGH(-@0-(@1))
                 	.ENDM
                 
                 	.MACRO __ADDW1FN
                 	SUBI R30,LOW(-2*@0-(@1))
                 	SBCI R31,HIGH(-2*@0-(@1))
                 	.ENDM
                 
                 	.MACRO __ADDD1FN
                 	SUBI R30,LOW(-2*@0-(@1))
                 	SBCI R31,HIGH(-2*@0-(@1))
                 	SBCI R22,BYTE3(-2*@0-(@1))
                 	.ENDM
                 
                 	.MACRO __ADDD1N
                 	SUBI R30,LOW(-@0)
                 	SBCI R31,HIGH(-@0)
                 	SBCI R22,BYTE3(-@0)
                 	SBCI R23,BYTE4(-@0)
                 	.ENDM
                 
                 	.MACRO __ADDD2N
                 	SUBI R26,LOW(-@0)
                 	SBCI R27,HIGH(-@0)
                 	SBCI R24,BYTE3(-@0)
                 	SBCI R25,BYTE4(-@0)
                 	.ENDM
                 
                 	.MACRO __SUBD1N
                 	SUBI R30,LOW(@0)
                 	SBCI R31,HIGH(@0)
                 	SBCI R22,BYTE3(@0)
                 	SBCI R23,BYTE4(@0)
                 	.ENDM
                 
                 	.MACRO __SUBD2N
                 	SUBI R26,LOW(@0)
                 	SBCI R27,HIGH(@0)
                 	SBCI R24,BYTE3(@0)
                 	SBCI R25,BYTE4(@0)
                 	.ENDM
                 
                 	.MACRO __ANDBMNN
                 	LDS  R30,@0+(@1)
                 	ANDI R30,LOW(@2)
                 	STS  @0+(@1),R30
                 	.ENDM
                 
                 	.MACRO __ANDWMNN
                 	LDS  R30,@0+(@1)
                 	ANDI R30,LOW(@2)
                 	STS  @0+(@1),R30
                 	LDS  R30,@0+(@1)+1
                 	ANDI R30,HIGH(@2)
                 	STS  @0+(@1)+1,R30
                 	.ENDM
                 
                 	.MACRO __ANDD1N
                 	ANDI R30,LOW(@0)
                 	ANDI R31,HIGH(@0)
                 	ANDI R22,BYTE3(@0)
                 	ANDI R23,BYTE4(@0)
                 	.ENDM
                 
                 	.MACRO __ANDD2N
                 	ANDI R26,LOW(@0)
                 	ANDI R27,HIGH(@0)
                 	ANDI R24,BYTE3(@0)
                 	ANDI R25,BYTE4(@0)
                 	.ENDM
                 
                 	.MACRO __ORBMNN
                 	LDS  R30,@0+(@1)
                 	ORI  R30,LOW(@2)
                 	STS  @0+(@1),R30
                 	.ENDM
                 
                 	.MACRO __ORWMNN
                 	LDS  R30,@0+(@1)
                 	ORI  R30,LOW(@2)
                 	STS  @0+(@1),R30
                 	LDS  R30,@0+(@1)+1
                 	ORI  R30,HIGH(@2)
                 	STS  @0+(@1)+1,R30
                 	.ENDM
                 
                 	.MACRO __ORD1N
                 	ORI  R30,LOW(@0)
                 	ORI  R31,HIGH(@0)
                 	ORI  R22,BYTE3(@0)
                 	ORI  R23,BYTE4(@0)
                 	.ENDM
                 
                 	.MACRO __ORD2N
                 	ORI  R26,LOW(@0)
                 	ORI  R27,HIGH(@0)
                 	ORI  R24,BYTE3(@0)
                 	ORI  R25,BYTE4(@0)
                 	.ENDM
                 
                 	.MACRO __DELAY_USB
                 	LDI  R24,LOW(@0)
                 __DELAY_USB_LOOP:
                 	DEC  R24
                 	BRNE __DELAY_USB_LOOP
                 	.ENDM
                 
                 	.MACRO __DELAY_USW
                 	LDI  R24,LOW(@0)
                 	LDI  R25,HIGH(@0)
                 __DELAY_USW_LOOP:
                 	SBIW R24,1
                 	BRNE __DELAY_USW_LOOP
                 	.ENDM
                 
                 	.MACRO __GETD1S
                 	LDD  R30,Y+@0
                 	LDD  R31,Y+@0+1
                 	LDD  R22,Y+@0+2
                 	LDD  R23,Y+@0+3
                 	.ENDM
                 
                 	.MACRO __GETD2S
                 	LDD  R26,Y+@0
                 	LDD  R27,Y+@0+1
                 	LDD  R24,Y+@0+2
                 	LDD  R25,Y+@0+3
                 	.ENDM
                 
                 	.MACRO __PUTD1S
                 	STD  Y+@0,R30
                 	STD  Y+@0+1,R31
                 	STD  Y+@0+2,R22
                 	STD  Y+@0+3,R23
                 	.ENDM
                 
                 	.MACRO __PUTD2S
                 	STD  Y+@0,R26
                 	STD  Y+@0+1,R27
                 	STD  Y+@0+2,R24
                 	STD  Y+@0+3,R25
                 	.ENDM
                 
                 	.MACRO __PUTDZ2
                 	STD  Z+@0,R26
                 	STD  Z+@0+1,R27
                 	STD  Z+@0+2,R24
                 	STD  Z+@0+3,R25
                 	.ENDM
                 
                 	.MACRO __CLRD1S
                 	STD  Y+@0,R30
                 	STD  Y+@0+1,R30
                 	STD  Y+@0+2,R30
                 	STD  Y+@0+3,R30
                 	.ENDM
                 
                 	.MACRO __POINTB1MN
                 	LDI  R30,LOW(@0+(@1))
                 	.ENDM
                 
                 	.MACRO __POINTW1MN
                 	LDI  R30,LOW(@0+(@1))
                 	LDI  R31,HIGH(@0+(@1))
                 	.ENDM
                 
                 	.MACRO __POINTD1M
                 	LDI  R30,LOW(@0)
                 	LDI  R31,HIGH(@0)
                 	LDI  R22,BYTE3(@0)
                 	LDI  R23,BYTE4(@0)
                 	.ENDM
                 
                 	.MACRO __POINTW1FN
                 	LDI  R30,LOW(2*@0+(@1))
                 	LDI  R31,HIGH(2*@0+(@1))
                 	.ENDM
                 
                 	.MACRO __POINTD1FN
                 	LDI  R30,LOW(2*@0+(@1))
                 	LDI  R31,HIGH(2*@0+(@1))
                 	LDI  R22,BYTE3(2*@0+(@1))
                 	LDI  R23,BYTE4(2*@0+(@1))
                 	.ENDM
                 
                 	.MACRO __POINTB2MN
                 	LDI  R26,LOW(@0+(@1))
                 	.ENDM
                 
                 	.MACRO __POINTW2MN
                 	LDI  R26,LOW(@0+(@1))
                 	LDI  R27,HIGH(@0+(@1))
                 	.ENDM
                 
                 	.MACRO __POINTW2FN
                 	LDI  R26,LOW(2*@0+(@1))
                 	LDI  R27,HIGH(2*@0+(@1))
                 	.ENDM
                 
                 	.MACRO __POINTD2FN
                 	LDI  R26,LOW(2*@0+(@1))
                 	LDI  R27,HIGH(2*@0+(@1))
                 	LDI  R24,BYTE3(2*@0+(@1))
                 	LDI  R25,BYTE4(2*@0+(@1))
                 	.ENDM
                 
                 	.MACRO __POINTBRM
                 	LDI  R@0,LOW(@1)
                 	.ENDM
                 
                 	.MACRO __POINTWRM
                 	LDI  R@0,LOW(@2)
                 	LDI  R@1,HIGH(@2)
                 	.ENDM
                 
                 	.MACRO __POINTBRMN
                 	LDI  R@0,LOW(@1+(@2))
                 	.ENDM
                 
                 	.MACRO __POINTWRMN
                 	LDI  R@0,LOW(@2+(@3))
                 	LDI  R@1,HIGH(@2+(@3))
                 	.ENDM
                 
                 	.MACRO __POINTWRFN
                 	LDI  R@0,LOW(@2*2+(@3))
                 	LDI  R@1,HIGH(@2*2+(@3))
                 	.ENDM
                 
                 	.MACRO __GETD1N
                 	LDI  R30,LOW(@0)
                 	LDI  R31,HIGH(@0)
                 	LDI  R22,BYTE3(@0)
                 	LDI  R23,BYTE4(@0)
                 	.ENDM
                 
                 	.MACRO __GETD2N
                 	LDI  R26,LOW(@0)
                 	LDI  R27,HIGH(@0)
                 	LDI  R24,BYTE3(@0)
                 	LDI  R25,BYTE4(@0)
                 	.ENDM
                 
                 	.MACRO __GETB1MN
                 	LDS  R30,@0+(@1)
                 	.ENDM
                 
                 	.MACRO __GETB1HMN
                 	LDS  R31,@0+(@1)
                 	.ENDM
                 
                 	.MACRO __GETW1MN
                 	LDS  R30,@0+(@1)
                 	LDS  R31,@0+(@1)+1
                 	.ENDM
                 
                 	.MACRO __GETD1MN
                 	LDS  R30,@0+(@1)
                 	LDS  R31,@0+(@1)+1
                 	LDS  R22,@0+(@1)+2
                 	LDS  R23,@0+(@1)+3
                 	.ENDM
                 
                 	.MACRO __GETBRMN
                 	LDS  R@0,@1+(@2)
                 	.ENDM
                 
                 	.MACRO __GETWRMN
                 	LDS  R@0,@2+(@3)
                 	LDS  R@1,@2+(@3)+1
                 	.ENDM
                 
                 	.MACRO __GETWRZ
                 	LDD  R@0,Z+@2
                 	LDD  R@1,Z+@2+1
                 	.ENDM
                 
                 	.MACRO __GETD2Z
                 	LDD  R26,Z+@0
                 	LDD  R27,Z+@0+1
                 	LDD  R24,Z+@0+2
                 	LDD  R25,Z+@0+3
                 	.ENDM
                 
                 	.MACRO __GETB2MN
                 	LDS  R26,@0+(@1)
                 	.ENDM
                 
                 	.MACRO __GETW2MN
                 	LDS  R26,@0+(@1)
                 	LDS  R27,@0+(@1)+1
                 	.ENDM
                 
                 	.MACRO __GETD2MN
                 	LDS  R26,@0+(@1)
                 	LDS  R27,@0+(@1)+1
                 	LDS  R24,@0+(@1)+2
                 	LDS  R25,@0+(@1)+3
                 	.ENDM
                 
                 	.MACRO __PUTB1MN
                 	STS  @0+(@1),R30
                 	.ENDM
                 
                 	.MACRO __PUTW1MN
                 	STS  @0+(@1),R30
                 	STS  @0+(@1)+1,R31
                 	.ENDM
                 
                 	.MACRO __PUTD1MN
                 	STS  @0+(@1),R30
                 	STS  @0+(@1)+1,R31
                 	STS  @0+(@1)+2,R22
                 	STS  @0+(@1)+3,R23
                 	.ENDM
                 
                 	.MACRO __PUTB1EN
                 	LDI  R26,LOW(@0+(@1))
                 	LDI  R27,HIGH(@0+(@1))
                 	CALL __EEPROMWRB
                 	.ENDM
                 
                 	.MACRO __PUTW1EN
                 	LDI  R26,LOW(@0+(@1))
                 	LDI  R27,HIGH(@0+(@1))
                 	CALL __EEPROMWRW
                 	.ENDM
                 
                 	.MACRO __PUTD1EN
                 	LDI  R26,LOW(@0+(@1))
                 	LDI  R27,HIGH(@0+(@1))
                 	CALL __EEPROMWRD
                 	.ENDM
                 
                 	.MACRO __PUTBR0MN
                 	STS  @0+(@1),R0
                 	.ENDM
                 
                 	.MACRO __PUTBMRN
                 	STS  @0+(@1),R@2
                 	.ENDM
                 
                 	.MACRO __PUTWMRN
                 	STS  @0+(@1),R@2
                 	STS  @0+(@1)+1,R@3
                 	.ENDM
                 
                 	.MACRO __PUTBZR
                 	STD  Z+@1,R@0
                 	.ENDM
                 
                 	.MACRO __PUTWZR
                 	STD  Z+@2,R@0
                 	STD  Z+@2+1,R@1
                 	.ENDM
                 
                 	.MACRO __GETW1R
                 	MOV  R30,R@0
                 	MOV  R31,R@1
                 	.ENDM
                 
                 	.MACRO __GETW2R
                 	MOV  R26,R@0
                 	MOV  R27,R@1
                 	.ENDM
                 
                 	.MACRO __GETWRN
                 	LDI  R@0,LOW(@2)
                 	LDI  R@1,HIGH(@2)
                 	.ENDM
                 
                 	.MACRO __PUTW1R
                 	MOV  R@0,R30
                 	MOV  R@1,R31
                 	.ENDM
                 
                 	.MACRO __PUTW2R
                 	MOV  R@0,R26
                 	MOV  R@1,R27
                 	.ENDM
                 
                 	.MACRO __ADDWRN
                 	SUBI R@0,LOW(-@2)
                 	SBCI R@1,HIGH(-@2)
                 	.ENDM
                 
                 	.MACRO __ADDWRR
                 	ADD  R@0,R@2
                 	ADC  R@1,R@3
                 	.ENDM
                 
                 	.MACRO __SUBWRN
                 	SUBI R@0,LOW(@2)
                 	SBCI R@1,HIGH(@2)
                 	.ENDM
                 
                 	.MACRO __SUBWRR
                 	SUB  R@0,R@2
                 	SBC  R@1,R@3
                 	.ENDM
                 
                 	.MACRO __ANDWRN
                 	ANDI R@0,LOW(@2)
                 	ANDI R@1,HIGH(@2)
                 	.ENDM
                 
                 	.MACRO __ANDWRR
                 	AND  R@0,R@2
                 	AND  R@1,R@3
                 	.ENDM
                 
                 	.MACRO __ORWRN
                 	ORI  R@0,LOW(@2)
                 	ORI  R@1,HIGH(@2)
                 	.ENDM
                 
                 	.MACRO __ORWRR
                 	OR   R@0,R@2
                 	OR   R@1,R@3
                 	.ENDM
                 
                 	.MACRO __EORWRR
                 	EOR  R@0,R@2
                 	EOR  R@1,R@3
                 	.ENDM
                 
                 	.MACRO __GETWRS
                 	LDD  R@0,Y+@2
                 	LDD  R@1,Y+@2+1
                 	.ENDM
                 
                 	.MACRO __PUTBSR
                 	STD  Y+@1,R@0
                 	.ENDM
                 
                 	.MACRO __PUTWSR
                 	STD  Y+@2,R@0
                 	STD  Y+@2+1,R@1
                 	.ENDM
                 
                 	.MACRO __MOVEWRR
                 	MOV  R@0,R@2
                 	MOV  R@1,R@3
                 	.ENDM
                 
                 	.MACRO __INWR
                 	IN   R@0,@2
                 	IN   R@1,@2+1
                 	.ENDM
                 
                 	.MACRO __OUTWR
                 	OUT  @2+1,R@1
                 	OUT  @2,R@0
                 	.ENDM
                 
                 	.MACRO __CALL1MN
                 	LDS  R30,@0+(@1)
                 	LDS  R31,@0+(@1)+1
                 	ICALL
                 	.ENDM
                 
                 	.MACRO __CALL1FN
                 	LDI  R30,LOW(2*@0+(@1))
                 	LDI  R31,HIGH(2*@0+(@1))
                 	CALL __GETW1PF
                 	ICALL
                 	.ENDM
                 
                 	.MACRO __CALL2EN
                 	PUSH R26
                 	PUSH R27
                 	LDI  R26,LOW(@0+(@1))
                 	LDI  R27,HIGH(@0+(@1))
                 	CALL __EEPROMRDW
                 	POP  R27
                 	POP  R26
                 	ICALL
                 	.ENDM
                 
                 	.MACRO __CALL2EX
                 	SUBI R26,LOW(-@0)
                 	SBCI R27,HIGH(-@0)
                 	CALL __EEPROMRDD
                 	ICALL
                 	.ENDM
                 
                 	.MACRO __GETW1STACK
                 	IN   R30,SPL
                 	IN   R31,SPH
                 	ADIW R30,@0+1
                 	LD   R0,Z+
                 	LD   R31,Z
                 	MOV  R30,R0
                 	.ENDM
                 
                 	.MACRO __GETD1STACK
                 	IN   R30,SPL
                 	IN   R31,SPH
                 	ADIW R30,@0+1
                 	LD   R0,Z+
                 	LD   R1,Z+
                 	LD   R22,Z
                 	MOVW R30,R0
                 	.ENDM
                 
                 	.MACRO __NBST
                 	BST  R@0,@1
                 	IN   R30,SREG
                 	LDI  R31,0x40
                 	EOR  R30,R31
                 	OUT  SREG,R30
                 	.ENDM
                 
                 
                 	.MACRO __PUTB1SN
                 	LDD  R26,Y+@0
                 	LDD  R27,Y+@0+1
                 	SUBI R26,LOW(-@1)
                 	SBCI R27,HIGH(-@1)
                 	ST   X,R30
                 	.ENDM
                 
                 	.MACRO __PUTW1SN
                 	LDD  R26,Y+@0
                 	LDD  R27,Y+@0+1
                 	SUBI R26,LOW(-@1)
                 	SBCI R27,HIGH(-@1)
                 	ST   X+,R30
                 	ST   X,R31
                 	.ENDM
                 
                 	.MACRO __PUTD1SN
                 	LDD  R26,Y+@0
                 	LDD  R27,Y+@0+1
                 	SUBI R26,LOW(-@1)
                 	SBCI R27,HIGH(-@1)
                 	CALL __PUTDP1
                 	.ENDM
                 
                 	.MACRO __PUTB1SNS
                 	LDD  R26,Y+@0
                 	LDD  R27,Y+@0+1
                 	ADIW R26,@1
                 	ST   X,R30
                 	.ENDM
                 
                 	.MACRO __PUTW1SNS
                 	LDD  R26,Y+@0
                 	LDD  R27,Y+@0+1
                 	ADIW R26,@1
                 	ST   X+,R30
                 	ST   X,R31
                 	.ENDM
                 
                 	.MACRO __PUTD1SNS
                 	LDD  R26,Y+@0
                 	LDD  R27,Y+@0+1
                 	ADIW R26,@1
                 	CALL __PUTDP1
                 	.ENDM
                 
                 	.MACRO __PUTB1PMN
                 	LDS  R26,@0
                 	LDS  R27,@0+1
                 	SUBI R26,LOW(-@1)
                 	SBCI R27,HIGH(-@1)
                 	ST   X,R30
                 	.ENDM
                 
                 	.MACRO __PUTW1PMN
                 	LDS  R26,@0
                 	LDS  R27,@0+1
                 	SUBI R26,LOW(-@1)
                 	SBCI R27,HIGH(-@1)
                 	ST   X+,R30
                 	ST   X,R31
                 	.ENDM
                 
                 	.MACRO __PUTD1PMN
                 	LDS  R26,@0
                 	LDS  R27,@0+1
                 	SUBI R26,LOW(-@1)
                 	SBCI R27,HIGH(-@1)
                 	CALL __PUTDP1
                 	.ENDM
                 
                 	.MACRO __PUTB1PMNS
                 	LDS  R26,@0
                 	LDS  R27,@0+1
                 	ADIW R26,@1
                 	ST   X,R30
                 	.ENDM
                 
                 	.MACRO __PUTW1PMNS
                 	LDS  R26,@0
                 	LDS  R27,@0+1
                 	ADIW R26,@1
                 	ST   X+,R30
                 	ST   X,R31
                 	.ENDM
                 
                 	.MACRO __PUTD1PMNS
                 	LDS  R26,@0
                 	LDS  R27,@0+1
                 	ADIW R26,@1
                 	CALL __PUTDP1
                 	.ENDM
                 
                 	.MACRO __PUTB1RN
                 	MOVW R26,R@0
                 	SUBI R26,LOW(-@1)
                 	SBCI R27,HIGH(-@1)
                 	ST   X,R30
                 	.ENDM
                 
                 	.MACRO __PUTW1RN
                 	MOVW R26,R@0
                 	SUBI R26,LOW(-@1)
                 	SBCI R27,HIGH(-@1)
                 	ST   X+,R30
                 	ST   X,R31
                 	.ENDM
                 
                 	.MACRO __PUTD1RN
                 	MOVW R26,R@0
                 	SUBI R26,LOW(-@1)
                 	SBCI R27,HIGH(-@1)
                 	CALL __PUTDP1
                 	.ENDM
                 
                 	.MACRO __PUTB1RNS
                 	MOVW R26,R@0
                 	ADIW R26,@1
                 	ST   X,R30
                 	.ENDM
                 
                 	.MACRO __PUTW1RNS
                 	MOVW R26,R@0
                 	ADIW R26,@1
                 	ST   X+,R30
                 	ST   X,R31
                 	.ENDM
                 
                 	.MACRO __PUTD1RNS
                 	MOVW R26,R@0
                 	ADIW R26,@1
                 	CALL __PUTDP1
                 	.ENDM
                 
                 	.MACRO __PUTB1RON
                 	MOV  R26,R@0
                 	MOV  R27,R@1
                 	SUBI R26,LOW(-@2)
                 	SBCI R27,HIGH(-@2)
                 	ST   X,R30
                 	.ENDM
                 
                 	.MACRO __PUTW1RON
                 	MOV  R26,R@0
                 	MOV  R27,R@1
                 	SUBI R26,LOW(-@2)
                 	SBCI R27,HIGH(-@2)
                 	ST   X+,R30
                 	ST   X,R31
                 	.ENDM
                 
                 	.MACRO __PUTD1RON
                 	MOV  R26,R@0
                 	MOV  R27,R@1
                 	SUBI R26,LOW(-@2)
                 	SBCI R27,HIGH(-@2)
                 	CALL __PUTDP1
                 	.ENDM
                 
                 	.MACRO __PUTB1RONS
                 	MOV  R26,R@0
                 	MOV  R27,R@1
                 	ADIW R26,@2
                 	ST   X,R30
                 	.ENDM
                 
                 	.MACRO __PUTW1RONS
                 	MOV  R26,R@0
                 	MOV  R27,R@1
                 	ADIW R26,@2
                 	ST   X+,R30
                 	ST   X,R31
                 	.ENDM
                 
                 	.MACRO __PUTD1RONS
                 	MOV  R26,R@0
                 	MOV  R27,R@1
                 	ADIW R26,@2
                 	CALL __PUTDP1
                 	.ENDM
                 
                 
                 	.MACRO __GETB1SX
                 	MOVW R30,R28
                 	SUBI R30,LOW(-@0)
                 	SBCI R31,HIGH(-@0)
                 	LD   R30,Z
                 	.ENDM
                 
                 	.MACRO __GETB1HSX
                 	MOVW R30,R28
                 	SUBI R30,LOW(-@0)
                 	SBCI R31,HIGH(-@0)
                 	LD   R31,Z
                 	.ENDM
                 
                 	.MACRO __GETW1SX
                 	MOVW R30,R28
                 	SUBI R30,LOW(-@0)
                 	SBCI R31,HIGH(-@0)
                 	LD   R0,Z+
                 	LD   R31,Z
                 	MOV  R30,R0
                 	.ENDM
                 
                 	.MACRO __GETD1SX
                 	MOVW R30,R28
                 	SUBI R30,LOW(-@0)
                 	SBCI R31,HIGH(-@0)
                 	LD   R0,Z+
                 	LD   R1,Z+
                 	LD   R22,Z+
                 	LD   R23,Z
                 	MOVW R30,R0
                 	.ENDM
                 
                 	.MACRO __GETB2SX
                 	MOVW R26,R28
                 	SUBI R26,LOW(-@0)
                 	SBCI R27,HIGH(-@0)
                 	LD   R26,X
                 	.ENDM
                 
                 	.MACRO __GETW2SX
                 	MOVW R26,R28
                 	SUBI R26,LOW(-@0)
                 	SBCI R27,HIGH(-@0)
                 	LD   R0,X+
                 	LD   R27,X
                 	MOV  R26,R0
                 	.ENDM
                 
                 	.MACRO __GETD2SX
                 	MOVW R26,R28
                 	SUBI R26,LOW(-@0)
                 	SBCI R27,HIGH(-@0)
                 	LD   R0,X+
                 	LD   R1,X+
                 	LD   R24,X+
                 	LD   R25,X
                 	MOVW R26,R0
                 	.ENDM
                 
                 	.MACRO __GETBRSX
                 	MOVW R30,R28
                 	SUBI R30,LOW(-@1)
                 	SBCI R31,HIGH(-@1)
                 	LD   R@0,Z
                 	.ENDM
                 
                 	.MACRO __GETWRSX
                 	MOVW R30,R28
                 	SUBI R30,LOW(-@2)
                 	SBCI R31,HIGH(-@2)
                 	LD   R@0,Z+
                 	LD   R@1,Z
                 	.ENDM
                 
                 	.MACRO __GETBRSX2
                 	MOVW R26,R28
                 	SUBI R26,LOW(-@1)
                 	SBCI R27,HIGH(-@1)
                 	LD   R@0,X
                 	.ENDM
                 
                 	.MACRO __GETWRSX2
                 	MOVW R26,R28
                 	SUBI R26,LOW(-@2)
                 	SBCI R27,HIGH(-@2)
                 	LD   R@0,X+
                 	LD   R@1,X
                 	.ENDM
                 
                 	.MACRO __LSLW8SX
                 	MOVW R30,R28
                 	SUBI R30,LOW(-@0)
                 	SBCI R31,HIGH(-@0)
                 	LD   R31,Z
                 	CLR  R30
                 	.ENDM
                 
                 	.MACRO __PUTB1SX
                 	MOVW R26,R28
                 	SUBI R26,LOW(-@0)
                 	SBCI R27,HIGH(-@0)
                 	ST   X,R30
                 	.ENDM
                 
                 	.MACRO __PUTW1SX
                 	MOVW R26,R28
                 	SUBI R26,LOW(-@0)
                 	SBCI R27,HIGH(-@0)
                 	ST   X+,R30
                 	ST   X,R31
                 	.ENDM
                 
                 	.MACRO __PUTD1SX
                 	MOVW R26,R28
                 	SUBI R26,LOW(-@0)
                 	SBCI R27,HIGH(-@0)
                 	ST   X+,R30
                 	ST   X+,R31
                 	ST   X+,R22
                 	ST   X,R23
                 	.ENDM
                 
                 	.MACRO __CLRW1SX
                 	MOVW R26,R28
                 	SUBI R26,LOW(-@0)
                 	SBCI R27,HIGH(-@0)
                 	ST   X+,R30
                 	ST   X,R30
                 	.ENDM
                 
                 	.MACRO __CLRD1SX
                 	MOVW R26,R28
                 	SUBI R26,LOW(-@0)
                 	SBCI R27,HIGH(-@0)
                 	ST   X+,R30
                 	ST   X+,R30
                 	ST   X+,R30
                 	ST   X,R30
                 	.ENDM
                 
                 	.MACRO __PUTB2SX
                 	MOVW R30,R28
                 	SUBI R30,LOW(-@0)
                 	SBCI R31,HIGH(-@0)
                 	ST   Z,R26
                 	.ENDM
                 
                 	.MACRO __PUTW2SX
                 	MOVW R30,R28
                 	SUBI R30,LOW(-@0)
                 	SBCI R31,HIGH(-@0)
                 	ST   Z+,R26
                 	ST   Z,R27
                 	.ENDM
                 
                 	.MACRO __PUTD2SX
                 	MOVW R30,R28
                 	SUBI R30,LOW(-@0)
                 	SBCI R31,HIGH(-@0)
                 	ST   Z+,R26
                 	ST   Z+,R27
                 	ST   Z+,R24
                 	ST   Z,R25
                 	.ENDM
                 
                 	.MACRO __PUTBSRX
                 	MOVW R30,R28
                 	SUBI R30,LOW(-@1)
                 	SBCI R31,HIGH(-@1)
                 	ST   Z,R@0
                 	.ENDM
                 
                 	.MACRO __PUTWSRX
                 	MOVW R30,R28
                 	SUBI R30,LOW(-@2)
                 	SBCI R31,HIGH(-@2)
                 	ST   Z+,R@0
                 	ST   Z,R@1
                 	.ENDM
                 
                 	.MACRO __PUTB1SNX
                 	MOVW R26,R28
                 	SUBI R26,LOW(-@0)
                 	SBCI R27,HIGH(-@0)
                 	LD   R0,X+
                 	LD   R27,X
                 	MOV  R26,R0
                 	SUBI R26,LOW(-@1)
                 	SBCI R27,HIGH(-@1)
                 	ST   X,R30
                 	.ENDM
                 
                 	.MACRO __PUTW1SNX
                 	MOVW R26,R28
                 	SUBI R26,LOW(-@0)
                 	SBCI R27,HIGH(-@0)
                 	LD   R0,X+
                 	LD   R27,X
                 	MOV  R26,R0
                 	SUBI R26,LOW(-@1)
                 	SBCI R27,HIGH(-@1)
                 	ST   X+,R30
                 	ST   X,R31
                 	.ENDM
                 
                 	.MACRO __PUTD1SNX
                 	MOVW R26,R28
                 	SUBI R26,LOW(-@0)
                 	SBCI R27,HIGH(-@0)
                 	LD   R0,X+
                 	LD   R27,X
                 	MOV  R26,R0
                 	SUBI R26,LOW(-@1)
                 	SBCI R27,HIGH(-@1)
                 	ST   X+,R30
                 	ST   X+,R31
                 	ST   X+,R22
                 	ST   X,R23
                 	.ENDM
                 
                 	.MACRO __MULBRR
                 	MULS R@0,R@1
                 	MOVW R30,R0
                 	.ENDM
                 
                 	.MACRO __MULBRRU
                 	MUL  R@0,R@1
                 	MOVW R30,R0
                 	.ENDM
                 
                 	.MACRO __MULBRR0
                 	MULS R@0,R@1
                 	.ENDM
                 
                 	.MACRO __MULBRRU0
                 	MUL  R@0,R@1
                 	.ENDM
                 
                 	.MACRO __MULBNWRU
                 	LDI  R26,@2
                 	MUL  R26,R@0
                 	MOVW R30,R0
                 	MUL  R26,R@1
                 	ADD  R31,R0
                 	.ENDM
                 
                 ;NAME DEFINITIONS FOR GLOBAL VARIABLES ALLOCATED TO REGISTERS
                 	.DEF _running=R4
                 	.DEF _running_msb=R5
                 	.DEF _ms=R6
                 	.DEF _ms_msb=R7
                 	.DEF _s=R8
                 	.DEF _s_msb=R9
                 	.DEF _m=R10
                 	.DEF _m_msb=R11
                 	.DEF _led=R12
                 	.DEF _led_msb=R13
                 
                 	.CSEG
                 	.ORG 0x00
                 
                 ;START OF CODE MARKER
                 __START_OF_CODE:
                 
                 ;INTERRUPT VECTORS
000000 940c 0045 	JMP  __RESET
000002 940c 0072 	JMP  _ext_int0_isr
000004 940c 0086 	JMP  _ext_int1_isr
000006 940c 0000 	JMP  0x00
000008 940c 0000 	JMP  0x00
00000a 940c 008b 	JMP  _timer2_ovf_isr
00000c 940c 0000 	JMP  0x00
00000e 940c 0000 	JMP  0x00
000010 940c 0000 	JMP  0x00
000012 940c 0000 	JMP  0x00
000014 940c 0000 	JMP  0x00
000016 940c 0000 	JMP  0x00
000018 940c 0000 	JMP  0x00
00001a 940c 0000 	JMP  0x00
00001c 940c 0000 	JMP  0x00
00001e 940c 0000 	JMP  0x00
000020 940c 0000 	JMP  0x00
000022 940c 0000 	JMP  0x00
000024 940c 0000 	JMP  0x00
000026 940c 0000 	JMP  0x00
000028 940c 0000 	JMP  0x00
                 
                 _tbl10_G100:
00002a 2710
00002b 03e8
00002c 0064
00002d 000a      	.DB  0x10,0x27,0xE8,0x3,0x64,0x0,0xA,0x0
00002e 0001      	.DB  0x1,0x0
                 _tbl16_G100:
00002f 1000
000030 0100
000031 0010
000032 0001      	.DB  0x0,0x10,0x0,0x1,0x10,0x0,0x1,0x0
                 
                 ;GLOBAL REGISTER VARIABLES INITIALIZATION
                 __REG_VARS:
000033 0000
000034 0000      	.DB  0x0,0x0,0x0,0x0
000035 0000
000036 0000      	.DB  0x0,0x0,0x0,0x0
000037 0000      	.DB  0x0,0x0
                 
                 _0x0:
000038 3025
000039 6432
00003a 253a
00003b 3230      	.DB  0x25,0x30,0x32,0x64,0x3A,0x25,0x30,0x32
00003c 0064      	.DB  0x64,0x0
                 _0x2020003:
00003d c080      	.DB  0x80,0xC0
                 
                 __GLOBAL_INI_TBL:
00003e 000a      	.DW  0x0A
00003f 0004      	.DW  0x04
000040 0066      	.DW  __REG_VARS*2
                 
000041 0002      	.DW  0x02
000042 027e      	.DW  __base_y_G101
000043 007a      	.DW  _0x2020003*2
                 
                 _0xFFFFFFFF:
000044 0000      	.DW  0
                 
                 #define __GLOBAL_INI_TBL_PRESENT 1
                 
                 __RESET:
000045 94f8      	CLI
000046 27ee      	CLR  R30
000047 bbec      	OUT  EECR,R30
                 
                 ;INTERRUPT VECTORS ARE PLACED
                 ;AT THE START OF FLASH
000048 e0f1      	LDI  R31,1
000049 bffb      	OUT  GICR,R31
00004a bfeb      	OUT  GICR,R30
00004b bfe5      	OUT  MCUCR,R30
                 
                 ;CLEAR R2-R14
00004c e08d      	LDI  R24,(14-2)+1
00004d e0a2      	LDI  R26,2
00004e 27bb      	CLR  R27
                 __CLEAR_REG:
00004f 93ed      	ST   X+,R30
000050 958a      	DEC  R24
000051 f7e9      	BRNE __CLEAR_REG
                 
                 ;CLEAR SRAM
000052 e080      	LDI  R24,LOW(__CLEAR_SRAM_SIZE)
000053 e098      	LDI  R25,HIGH(__CLEAR_SRAM_SIZE)
000054 e6a0      	LDI  R26,__SRAM_START
                 __CLEAR_SRAM:
000055 93ed      	ST   X+,R30
000056 9701      	SBIW R24,1
000057 f7e9      	BRNE __CLEAR_SRAM
                 
                 ;GLOBAL VARIABLES INITIALIZATION
000058 e7ec      	LDI  R30,LOW(__GLOBAL_INI_TBL*2)
000059 e0f0      	LDI  R31,HIGH(__GLOBAL_INI_TBL*2)
                 __GLOBAL_INI_NEXT:
00005a 9185      	LPM  R24,Z+
00005b 9195      	LPM  R25,Z+
00005c 9700      	SBIW R24,0
00005d f061      	BREQ __GLOBAL_INI_END
00005e 91a5      	LPM  R26,Z+
00005f 91b5      	LPM  R27,Z+
000060 9005      	LPM  R0,Z+
000061 9015      	LPM  R1,Z+
000062 01bf      	MOVW R22,R30
000063 01f0      	MOVW R30,R0
                 __GLOBAL_INI_LOOP:
000064 9005      	LPM  R0,Z+
000065 920d      	ST   X+,R0
000066 9701      	SBIW R24,1
000067 f7e1      	BRNE __GLOBAL_INI_LOOP
000068 01fb      	MOVW R30,R22
000069 cff0      	RJMP __GLOBAL_INI_NEXT
                 __GLOBAL_INI_END:
                 
                 ;HARDWARE STACK POINTER INITIALIZATION
00006a e5ef      	LDI  R30,LOW(__SRAM_END-__HEAP_SIZE)
00006b bfed      	OUT  SPL,R30
00006c e0e8      	LDI  R30,HIGH(__SRAM_END-__HEAP_SIZE)
00006d bfee      	OUT  SPH,R30
                 
                 ;DATA STACK POINTER INITIALIZATION
00006e e6c0      	LDI  R28,LOW(__SRAM_START+__DSTACK_SIZE)
00006f e0d2      	LDI  R29,HIGH(__SRAM_START+__DSTACK_SIZE)
                 
000070 940c 00eb 	JMP  _main
                 
                 	.ESEG
                 	.ORG 0
                 
                 	.DSEG
                 	.ORG 0x260
                 
                 	.CSEG
                 ;/*******************************************************
                 ;This program was created by the
                 ;CodeWizardAVR V3.12 Advanced
                 ;Automatic Program Generator
                 ;© Copyright 1998-2014 Pavel Haiduc, HP InfoTech s.r.l.
                 ;http://www.hpinfotech.com
                 ;
                 ;Project :
                 ;Version :
                 ;Date    : 1/1/2020
                 ;Author  :
                 ;Company :
                 ;Comments:
                 ;
                 ;
                 ;Chip type               : ATmega32
                 ;Program type            : Application
                 ;AVR Core Clock frequency: 8.000000 MHz
                 ;Memory model            : Small
                 ;External RAM size       : 0
                 ;Data Stack size         : 512
                 ;*******************************************************/
                 ;
                 ;#include <mega32.h>
                 	#ifndef __SLEEP_DEFINED__
                 	#define __SLEEP_DEFINED__
                 	.EQU __se_bit=0x80
                 	.EQU __sm_mask=0x70
                 	.EQU __sm_powerdown=0x20
                 	.EQU __sm_powersave=0x30
                 	.EQU __sm_standby=0x60
                 	.EQU __sm_ext_standby=0x70
                 	.EQU __sm_adc_noise_red=0x10
                 	.SET power_ctrl_reg=mcucr
                 	#endif
                 ;#include <stdio.h>
                 ;// Alphanumeric LCD functions
                 ;#include <alcd.h>
                 ;
                 ;// Declare your global variables here
                 ;int running = 0;
                 ;int ms = 0, s = 0, m = 0;
                 ;int led = 0;
                 ;char text[30];
                 ;// External Interrupt 0 service routine
                 ;interrupt [EXT_INT0] void ext_int0_isr(void)
                 ; 0000 0024 {
                 
                 	.CSEG
                 _ext_int0_isr:
                 ; .FSTART _ext_int0_isr
000072 920a      	ST   -Y,R0
000073 93ea      	ST   -Y,R30
000074 93fa      	ST   -Y,R31
000075 b7ef      	IN   R30,SREG
000076 93ea      	ST   -Y,R30
                 ; 0000 0025     if(running)
000077 2c04      	MOV  R0,R4
000078 2805      	OR   R0,R5
000079 f019      	BREQ _0x3
                 ; 0000 0026         running = 0;
00007a 2444      	CLR  R4
00007b 2455      	CLR  R5
                 ; 0000 0027     else
00007c c003      	RJMP _0x4
                 _0x3:
                 ; 0000 0028         running = 1;
00007d e0e1      	LDI  R30,LOW(1)
00007e e0f0      	LDI  R31,HIGH(1)
00007f 012f      	MOVW R4,R30
                 ; 0000 0029 
                 ; 0000 002A }
                 _0x4:
000080 91e9      	LD   R30,Y+
000081 bfef      	OUT  SREG,R30
000082 91f9      	LD   R31,Y+
000083 91e9      	LD   R30,Y+
000084 9009      	LD   R0,Y+
000085 9518      	RETI
                 ; .FEND
                 ;
                 ;// External Interrupt 1 service routine
                 ;interrupt [EXT_INT1] void ext_int1_isr(void)
                 ; 0000 002E {
                 _ext_int1_isr:
                 ; .FSTART _ext_int1_isr
000086 940e 0386 	CALL SUBOPT_0x0
                 ; 0000 002F     s = PINA;
000088 940e 0394 	CALL SUBOPT_0x1
                 ; 0000 0030     m = PINB;
                 ; 0000 0031     lcd_gotoxy(0,0);
                 ; 0000 0032     sprintf(text, "%02d:%02d", m, s);
                 ; 0000 0033     lcd_puts(text);
                 ; 0000 0034 
                 ; 0000 0035 }
00008a c052      	RJMP _0x13
                 ; .FEND
                 ;
                 ;// Timer2 overflow interrupt service routine
                 ;interrupt [TIM2_OVF] void timer2_ovf_isr(void)
                 ; 0000 0039 {
                 _timer2_ovf_isr:
                 ; .FSTART _timer2_ovf_isr
00008b 940e 0386 	CALL SUBOPT_0x0
                 ; 0000 003A // Reinitialize Timer2 value
                 ; 0000 003B TCNT2=0xB2;
00008d ebe2      	LDI  R30,LOW(178)
00008e bde4      	OUT  0x24,R30
                 ; 0000 003C     if(running){
00008f 2c04      	MOV  R0,R4
000090 2805      	OR   R0,R5
000091 f409      	BRNE PC+2
000092 c04a      	RJMP _0x5
                 ; 0000 003D         ms++;
000093 01f3      	MOVW R30,R6
000094 9631      	ADIW R30,1
000095 013f      	MOVW R6,R30
                 ; 0000 003E         if (ms == 100){
000096 e6e4      	LDI  R30,LOW(100)
000097 e0f0      	LDI  R31,HIGH(100)
000098 15e6      	CP   R30,R6
000099 05f7      	CPC  R31,R7
00009a f4e9      	BRNE _0x6
                 ; 0000 003F             ms = 0;
00009b 2466      	CLR  R6
00009c 2477      	CLR  R7
                 ; 0000 0040             led = 0;
00009d 24cc      	CLR  R12
00009e 24dd      	CLR  R13
                 ; 0000 0041             s++;
00009f 01f4      	MOVW R30,R8
0000a0 9631      	ADIW R30,1
0000a1 014f      	MOVW R8,R30
                 ; 0000 0042             if(s>=60){
0000a2 e3ec      	LDI  R30,LOW(60)
0000a3 e0f0      	LDI  R31,HIGH(60)
0000a4 168e      	CP   R8,R30
0000a5 069f      	CPC  R9,R31
0000a6 f08c      	BRLT _0x7
                 ; 0000 0043                 s = s%60;
0000a7 01d4      	MOVW R26,R8
0000a8 940e 041b 	CALL __MODW21
0000aa 014f      	MOVW R8,R30
                 ; 0000 0044                 m++;
0000ab 01f5      	MOVW R30,R10
0000ac 9631      	ADIW R30,1
0000ad 015f      	MOVW R10,R30
                 ; 0000 0045                 if(m > 59){
0000ae e3eb      	LDI  R30,LOW(59)
0000af e0f0      	LDI  R31,HIGH(59)
0000b0 15ea      	CP   R30,R10
0000b1 05fb      	CPC  R31,R11
0000b2 f42c      	BRGE _0x8
                 ; 0000 0046                     m = 0;
0000b3 24aa      	CLR  R10
0000b4 24bb      	CLR  R11
                 ; 0000 0047                     led = 1;
0000b5 e0e1      	LDI  R30,LOW(1)
0000b6 e0f0      	LDI  R31,HIGH(1)
0000b7 016f      	MOVW R12,R30
                 ; 0000 0048                 }
                 ; 0000 0049             }
                 _0x8:
                 ; 0000 004A         }
                 _0x7:
                 ; 0000 004B 
                 ; 0000 004C         lcd_gotoxy(0,0);
                 _0x6:
0000b8 e0e0      	LDI  R30,LOW(0)
0000b9 93ea      	ST   -Y,R30
0000ba e0a0      	LDI  R26,LOW(0)
0000bb 940e 02ee 	CALL _lcd_gotoxy
                 ; 0000 004D         sprintf(text, "%02d:%02d", m, s);
0000bd e6e0      	LDI  R30,LOW(_text)
0000be e0f2      	LDI  R31,HIGH(_text)
0000bf 93fa      	ST   -Y,R31
0000c0 93ea      	ST   -Y,R30
                +
0000c1 e7e0     +LDI R30 , LOW ( 2 * _0x0 + ( 0 ) )
0000c2 e0f0     +LDI R31 , HIGH ( 2 * _0x0 + ( 0 ) )
                 	__POINTW1FN _0x0,0
0000c3 93fa      	ST   -Y,R31
0000c4 93ea      	ST   -Y,R30
0000c5 01f5      	MOVW R30,R10
0000c6 940e 0403 	CALL __CWD1
0000c8 940e 0431 	CALL __PUTPARD1
0000ca 01f4      	MOVW R30,R8
0000cb 940e 0403 	CALL __CWD1
0000cd 940e 0431 	CALL __PUTPARD1
0000cf e088      	LDI  R24,8
0000d0 940e 029a 	CALL _sprintf
0000d2 962c      	ADIW R28,12
                 ; 0000 004E         lcd_puts(text);
0000d3 e6a0      	LDI  R26,LOW(_text)
0000d4 e0b2      	LDI  R27,HIGH(_text)
0000d5 940e 032d 	CALL _lcd_puts
                 ; 0000 004F         if(led)
0000d7 2c0c      	MOV  R0,R12
0000d8 280d      	OR   R0,R13
0000d9 f011      	BREQ _0x9
                 ; 0000 0050             PORTD.7 = 1;
0000da 9a97      	SBI  0x12,7
                 ; 0000 0051         else
0000db c001      	RJMP _0xC
                 _0x9:
                 ; 0000 0052             PORTD.7 = 0;
0000dc 9897      	CBI  0x12,7
                 ; 0000 0053     }
                 _0xC:
                 ; 0000 0054 
                 ; 0000 0055 }
                 _0x5:
                 _0x13:
0000dd 91e9      	LD   R30,Y+
0000de bfef      	OUT  SREG,R30
0000df 91f9      	LD   R31,Y+
0000e0 91e9      	LD   R30,Y+
0000e1 91b9      	LD   R27,Y+
0000e2 91a9      	LD   R26,Y+
0000e3 9199      	LD   R25,Y+
0000e4 9189      	LD   R24,Y+
0000e5 9179      	LD   R23,Y+
0000e6 9169      	LD   R22,Y+
0000e7 90f9      	LD   R15,Y+
0000e8 9019      	LD   R1,Y+
0000e9 9009      	LD   R0,Y+
0000ea 9518      	RETI
                 ; .FEND
                 ;
                 ;void main(void)
                 ; 0000 0058 {
                 _main:
                 ; .FSTART _main
                 ; 0000 0059 // Declare your local variables here
                 ; 0000 005A     s = PINA;
0000eb 940e 0394 	CALL SUBOPT_0x1
                 ; 0000 005B     m = PINB;
                 ; 0000 005C     lcd_gotoxy(0,0);
                 ; 0000 005D     sprintf(text, "%02d:%02d", m, s);
                 ; 0000 005E     lcd_puts(text);
                 ; 0000 005F 
                 ; 0000 0060 // Input/Output Ports initialization
                 ; 0000 0061 // Port A initialization
                 ; 0000 0062 // Function: Bit7=In Bit6=In Bit5=In Bit4=In Bit3=In Bit2=In Bit1=In Bit0=In
                 ; 0000 0063 DDRA=(0<<DDA7) | (0<<DDA6) | (0<<DDA5) | (0<<DDA4) | (0<<DDA3) | (0<<DDA2) | (0<<DDA1) | (0<<DDA0);
0000ed e0e0      	LDI  R30,LOW(0)
0000ee bbea      	OUT  0x1A,R30
                 ; 0000 0064 // State: Bit7=T Bit6=T Bit5=T Bit4=T Bit3=T Bit2=T Bit1=T Bit0=T
                 ; 0000 0065 PORTA=(0<<PORTA7) | (0<<PORTA6) | (0<<PORTA5) | (0<<PORTA4) | (0<<PORTA3) | (0<<PORTA2) | (0<<PORTA1) | (0<<PORTA0);
0000ef bbeb      	OUT  0x1B,R30
                 ; 0000 0066 
                 ; 0000 0067 // Port B initialization
                 ; 0000 0068 // Function: Bit7=In Bit6=In Bit5=In Bit4=In Bit3=In Bit2=In Bit1=In Bit0=In
                 ; 0000 0069 DDRB=(0<<DDB7) | (0<<DDB6) | (0<<DDB5) | (0<<DDB4) | (0<<DDB3) | (0<<DDB2) | (0<<DDB1) | (0<<DDB0);
0000f0 bbe7      	OUT  0x17,R30
                 ; 0000 006A // State: Bit7=T Bit6=T Bit5=T Bit4=T Bit3=T Bit2=T Bit1=T Bit0=T
                 ; 0000 006B PORTB=(0<<PORTB7) | (0<<PORTB6) | (0<<PORTB5) | (0<<PORTB4) | (0<<PORTB3) | (0<<PORTB2) | (0<<PORTB1) | (0<<PORTB0);
0000f1 bbe8      	OUT  0x18,R30
                 ; 0000 006C 
                 ; 0000 006D // Port C initialization
                 ; 0000 006E // Function: Bit7=In Bit6=In Bit5=In Bit4=In Bit3=In Bit2=In Bit1=In Bit0=In
                 ; 0000 006F DDRC=(0<<DDC7) | (0<<DDC6) | (0<<DDC5) | (0<<DDC4) | (0<<DDC3) | (0<<DDC2) | (0<<DDC1) | (0<<DDC0);
0000f2 bbe4      	OUT  0x14,R30
                 ; 0000 0070 // State: Bit7=T Bit6=T Bit5=T Bit4=T Bit3=T Bit2=T Bit1=T Bit0=T
                 ; 0000 0071 PORTC=(0<<PORTC7) | (0<<PORTC6) | (0<<PORTC5) | (0<<PORTC4) | (0<<PORTC3) | (0<<PORTC2) | (0<<PORTC1) | (0<<PORTC0);
0000f3 bbe5      	OUT  0x15,R30
                 ; 0000 0072 
                 ; 0000 0073 // Port D initialization
                 ; 0000 0074 // Function: Bit7=In Bit6=In Bit5=In Bit4=In Bit3=In Bit2=In Bit1=In Bit0=In
                 ; 0000 0075 DDRD=(1<<DDD7) | (0<<DDD6) | (0<<DDD5) | (0<<DDD4) | (0<<DDD3) | (0<<DDD2) | (0<<DDD1) | (0<<DDD0);
0000f4 e8e0      	LDI  R30,LOW(128)
0000f5 bbe1      	OUT  0x11,R30
                 ; 0000 0076 // State: Bit7=T Bit6=T Bit5=T Bit4=T Bit3=T Bit2=T Bit1=T Bit0=T
                 ; 0000 0077 PORTD=(0<<PORTD7) | (0<<PORTD6) | (0<<PORTD5) | (0<<PORTD4) | (0<<PORTD3) | (0<<PORTD2) | (0<<PORTD1) | (0<<PORTD0);
0000f6 e0e0      	LDI  R30,LOW(0)
0000f7 bbe2      	OUT  0x12,R30
                 ; 0000 0078 
                 ; 0000 0079 // Timer/Counter 0 initialization
                 ; 0000 007A // Clock source: System Clock
                 ; 0000 007B // Clock value: Timer 0 Stopped
                 ; 0000 007C // Mode: Normal top=0xFF
                 ; 0000 007D // OC0 output: Disconnected
                 ; 0000 007E TCCR0=(0<<WGM00) | (0<<COM01) | (0<<COM00) | (0<<WGM01) | (0<<CS02) | (0<<CS01) | (0<<CS00);
0000f8 bfe3      	OUT  0x33,R30
                 ; 0000 007F TCNT0=0x00;
0000f9 bfe2      	OUT  0x32,R30
                 ; 0000 0080 OCR0=0x00;
0000fa bfec      	OUT  0x3C,R30
                 ; 0000 0081 
                 ; 0000 0082 // Timer/Counter 1 initialization
                 ; 0000 0083 // Clock source: System Clock
                 ; 0000 0084 // Clock value: Timer1 Stopped
                 ; 0000 0085 // Mode: Normal top=0xFFFF
                 ; 0000 0086 // OC1A output: Disconnected
                 ; 0000 0087 // OC1B output: Disconnected
                 ; 0000 0088 // Noise Canceler: Off
                 ; 0000 0089 // Input Capture on Falling Edge
                 ; 0000 008A // Timer1 Overflow Interrupt: Off
                 ; 0000 008B // Input Capture Interrupt: Off
                 ; 0000 008C // Compare A Match Interrupt: Off
                 ; 0000 008D // Compare B Match Interrupt: Off
                 ; 0000 008E TCCR1A=(0<<COM1A1) | (0<<COM1A0) | (0<<COM1B1) | (0<<COM1B0) | (0<<WGM11) | (0<<WGM10);
0000fb bdef      	OUT  0x2F,R30
                 ; 0000 008F TCCR1B=(0<<ICNC1) | (0<<ICES1) | (0<<WGM13) | (0<<WGM12) | (0<<CS12) | (0<<CS11) | (0<<CS10);
0000fc bdee      	OUT  0x2E,R30
                 ; 0000 0090 TCNT1H=0x00;
0000fd bded      	OUT  0x2D,R30
                 ; 0000 0091 TCNT1L=0x00;
0000fe bdec      	OUT  0x2C,R30
                 ; 0000 0092 ICR1H=0x00;
0000ff bde7      	OUT  0x27,R30
                 ; 0000 0093 ICR1L=0x00;
000100 bde6      	OUT  0x26,R30
                 ; 0000 0094 OCR1AH=0x00;
000101 bdeb      	OUT  0x2B,R30
                 ; 0000 0095 OCR1AL=0x00;
000102 bdea      	OUT  0x2A,R30
                 ; 0000 0096 OCR1BH=0x00;
000103 bde9      	OUT  0x29,R30
                 ; 0000 0097 OCR1BL=0x00;
000104 bde8      	OUT  0x28,R30
                 ; 0000 0098 
                 ; 0000 0099 // Timer/Counter 2 initialization
                 ; 0000 009A // Clock source: System Clock
                 ; 0000 009B // Clock value: 7.813 kHz
                 ; 0000 009C // Mode: Normal top=0xFF
                 ; 0000 009D // OC2 output: Disconnected
                 ; 0000 009E // Timer Period: 9.984 ms
                 ; 0000 009F ASSR=0<<AS2;
000105 bde2      	OUT  0x22,R30
                 ; 0000 00A0 TCCR2=(0<<PWM2) | (0<<COM21) | (0<<COM20) | (0<<CTC2) | (1<<CS22) | (1<<CS21) | (1<<CS20);
000106 e0e7      	LDI  R30,LOW(7)
000107 bde5      	OUT  0x25,R30
                 ; 0000 00A1 TCNT2=0xB2;
000108 ebe2      	LDI  R30,LOW(178)
000109 bde4      	OUT  0x24,R30
                 ; 0000 00A2 OCR2=0x00;
00010a e0e0      	LDI  R30,LOW(0)
00010b bde3      	OUT  0x23,R30
                 ; 0000 00A3 
                 ; 0000 00A4 // Timer(s)/Counter(s) Interrupt(s) initialization
                 ; 0000 00A5 TIMSK=(0<<OCIE2) | (1<<TOIE2) | (0<<TICIE1) | (0<<OCIE1A) | (0<<OCIE1B) | (0<<TOIE1) | (0<<OCIE0) | (0<<TOIE0);
00010c e4e0      	LDI  R30,LOW(64)
00010d bfe9      	OUT  0x39,R30
                 ; 0000 00A6 
                 ; 0000 00A7 // External Interrupt(s) initialization
                 ; 0000 00A8 // INT0: On
                 ; 0000 00A9 // INT0 Mode: Any change
                 ; 0000 00AA // INT1: On
                 ; 0000 00AB // INT1 Mode: Rising Edge
                 ; 0000 00AC // INT2: Off
                 ; 0000 00AD GICR|=(1<<INT1) | (1<<INT0) | (0<<INT2);
00010e b7eb      	IN   R30,0x3B
00010f 6ce0      	ORI  R30,LOW(0xC0)
000110 bfeb      	OUT  0x3B,R30
                 ; 0000 00AE MCUCR=(1<<ISC11) | (1<<ISC10) | (0<<ISC01) | (1<<ISC00);
000111 e0ed      	LDI  R30,LOW(13)
000112 bfe5      	OUT  0x35,R30
                 ; 0000 00AF MCUCSR=(0<<ISC2);
000113 e0e0      	LDI  R30,LOW(0)
000114 bfe4      	OUT  0x34,R30
                 ; 0000 00B0 GIFR=(1<<INTF1) | (1<<INTF0) | (0<<INTF2);
000115 ece0      	LDI  R30,LOW(192)
000116 bfea      	OUT  0x3A,R30
                 ; 0000 00B1 
                 ; 0000 00B2 // USART initialization
                 ; 0000 00B3 // USART disabled
                 ; 0000 00B4 UCSRB=(0<<RXCIE) | (0<<TXCIE) | (0<<UDRIE) | (0<<RXEN) | (0<<TXEN) | (0<<UCSZ2) | (0<<RXB8) | (0<<TXB8);
000117 e0e0      	LDI  R30,LOW(0)
000118 b9ea      	OUT  0xA,R30
                 ; 0000 00B5 
                 ; 0000 00B6 // Analog Comparator initialization
                 ; 0000 00B7 // Analog Comparator: Off
                 ; 0000 00B8 // The Analog Comparator's positive input is
                 ; 0000 00B9 // connected to the AIN0 pin
                 ; 0000 00BA // The Analog Comparator's negative input is
                 ; 0000 00BB // connected to the AIN1 pin
                 ; 0000 00BC ACSR=(1<<ACD) | (0<<ACBG) | (0<<ACO) | (0<<ACI) | (0<<ACIE) | (0<<ACIC) | (0<<ACIS1) | (0<<ACIS0);
000119 e8e0      	LDI  R30,LOW(128)
00011a b9e8      	OUT  0x8,R30
                 ; 0000 00BD SFIOR=(0<<ACME);
00011b e0e0      	LDI  R30,LOW(0)
00011c bfe0      	OUT  0x30,R30
                 ; 0000 00BE 
                 ; 0000 00BF // ADC initialization
                 ; 0000 00C0 // ADC disabled
                 ; 0000 00C1 ADCSRA=(0<<ADEN) | (0<<ADSC) | (0<<ADATE) | (0<<ADIF) | (0<<ADIE) | (0<<ADPS2) | (0<<ADPS1) | (0<<ADPS0);
00011d b9e6      	OUT  0x6,R30
                 ; 0000 00C2 
                 ; 0000 00C3 // SPI initialization
                 ; 0000 00C4 // SPI disabled
                 ; 0000 00C5 SPCR=(0<<SPIE) | (0<<SPE) | (0<<DORD) | (0<<MSTR) | (0<<CPOL) | (0<<CPHA) | (0<<SPR1) | (0<<SPR0);
00011e b9ed      	OUT  0xD,R30
                 ; 0000 00C6 
                 ; 0000 00C7 // TWI initialization
                 ; 0000 00C8 // TWI disabled
                 ; 0000 00C9 TWCR=(0<<TWEA) | (0<<TWSTA) | (0<<TWSTO) | (0<<TWEN) | (0<<TWIE);
00011f bfe6      	OUT  0x36,R30
                 ; 0000 00CA 
                 ; 0000 00CB // Alphanumeric LCD initialization
                 ; 0000 00CC // Connections are specified in the
                 ; 0000 00CD // Project|Configure|C Compiler|Libraries|Alphanumeric LCD menu:
                 ; 0000 00CE // RS - PORTC Bit 0
                 ; 0000 00CF // RD - PORTC Bit 1
                 ; 0000 00D0 // EN - PORTC Bit 2
                 ; 0000 00D1 // D4 - PORTC Bit 4
                 ; 0000 00D2 // D5 - PORTC Bit 5
                 ; 0000 00D3 // D6 - PORTC Bit 6
                 ; 0000 00D4 // D7 - PORTC Bit 7
                 ; 0000 00D5 // Characters/line: 16
                 ; 0000 00D6 lcd_init(16);
000120 e1a0      	LDI  R26,LOW(16)
000121 940e 033e 	CALL _lcd_init
                 ; 0000 00D7 
                 ; 0000 00D8 // Global enable interrupts
                 ; 0000 00D9 #asm("sei")
000123 9478      	sei
                 ; 0000 00DA 
                 ; 0000 00DB while (1)
                 _0xF:
                 ; 0000 00DC       {
                 ; 0000 00DD       // Place your code here
                 ; 0000 00DE 
                 ; 0000 00DF       }
000124 cfff      	RJMP _0xF
                 ; 0000 00E0 }
                 _0x12:
000125 cfff      	RJMP _0x12
                 ; .FEND
                 	#ifndef __SLEEP_DEFINED__
                 	#endif
                 
                 	.CSEG
                 _put_buff_G100:
                 ; .FSTART _put_buff_G100
000126 93ba      	ST   -Y,R27
000127 93aa      	ST   -Y,R26
000128 931a      	ST   -Y,R17
000129 930a      	ST   -Y,R16
00012a 81aa      	LDD  R26,Y+2
00012b 81bb      	LDD  R27,Y+2+1
00012c 9612      	ADIW R26,2
00012d 940e 0429 	CALL __GETW1P
00012f 9730      	SBIW R30,0
000130 f159      	BREQ _0x2000010
000131 81aa      	LDD  R26,Y+2
000132 81bb      	LDD  R27,Y+2+1
000133 9614      	ADIW R26,4
000134 940e 0429 	CALL __GETW1P
000136 018f      	MOVW R16,R30
000137 9730      	SBIW R30,0
000138 f061      	BREQ _0x2000012
                +
000139 3002     +CPI R16 , LOW ( 2 )
00013a e0e0     +LDI R30 , HIGH ( 2 )
00013b 071e     +CPC R17 , R30
                 	__CPWRN 16,17,2
00013c f098      	BRLO _0x2000013
00013d 01f8      	MOVW R30,R16
00013e 9731      	SBIW R30,1
00013f 018f      	MOVW R16,R30
                +
000140 81aa     +LDD R26 , Y + 2
000141 81bb     +LDD R27 , Y + 2 + 1
000142 9614     +ADIW R26 , 4
000143 93ed     +ST X + , R30
000144 93fc     +ST X , R31
                 	__PUTW1SNS 2,4
                 _0x2000012:
000145 81aa      	LDD  R26,Y+2
000146 81bb      	LDD  R27,Y+2+1
000147 9612      	ADIW R26,2
000148 91ed      	LD   R30,X+
000149 91fd      	LD   R31,X+
00014a 9631      	ADIW R30,1
00014b 93fe      	ST   -X,R31
00014c 93ee      	ST   -X,R30
00014d 9731      	SBIW R30,1
00014e 81ac      	LDD  R26,Y+4
00014f 83a0      	STD  Z+0,R26
                 _0x2000013:
000150 81aa      	LDD  R26,Y+2
000151 81bb      	LDD  R27,Y+2+1
000152 940e 0429 	CALL __GETW1P
000154 23ff      	TST  R31
000155 f02a      	BRMI _0x2000014
000156 91ed      	LD   R30,X+
000157 91fd      	LD   R31,X+
000158 9631      	ADIW R30,1
000159 93fe      	ST   -X,R31
00015a 93ee      	ST   -X,R30
                 _0x2000014:
00015b c006      	RJMP _0x2000015
                 _0x2000010:
00015c 81aa      	LDD  R26,Y+2
00015d 81bb      	LDD  R27,Y+2+1
00015e efef      	LDI  R30,LOW(65535)
00015f efff      	LDI  R31,HIGH(65535)
000160 93ed      	ST   X+,R30
000161 93fc      	ST   X,R31
                 _0x2000015:
000162 8119      	LDD  R17,Y+1
000163 8108      	LDD  R16,Y+0
000164 9625      	ADIW R28,5
000165 9508      	RET
                 ; .FEND
                 __print_G100:
                 ; .FSTART __print_G100
000166 93ba      	ST   -Y,R27
000167 93aa      	ST   -Y,R26
000168 9726      	SBIW R28,6
000169 940e 0436 	CALL __SAVELOCR6
00016b e010      	LDI  R17,0
00016c 85ac      	LDD  R26,Y+12
00016d 85bd      	LDD  R27,Y+12+1
00016e e0e0      	LDI  R30,LOW(0)
00016f e0f0      	LDI  R31,HIGH(0)
000170 93ed      	ST   X+,R30
000171 93fc      	ST   X,R31
                 _0x2000016:
000172 89ea      	LDD  R30,Y+18
000173 89fb      	LDD  R31,Y+18+1
000174 9631      	ADIW R30,1
000175 8bea      	STD  Y+18,R30
000176 8bfb      	STD  Y+18+1,R31
000177 9731      	SBIW R30,1
000178 91e4      	LPM  R30,Z
000179 2f2e      	MOV  R18,R30
00017a 30e0      	CPI  R30,0
00017b f409      	BRNE PC+2
00017c c115      	RJMP _0x2000018
00017d 2fe1      	MOV  R30,R17
00017e 30e0      	CPI  R30,0
00017f f439      	BRNE _0x200001C
000180 3225      	CPI  R18,37
000181 f411      	BRNE _0x200001D
000182 e011      	LDI  R17,LOW(1)
000183 c002      	RJMP _0x200001E
                 _0x200001D:
000184 940e 03b7 	CALL SUBOPT_0x2
                 _0x200001E:
000186 c10a      	RJMP _0x200001B
                 _0x200001C:
000187 30e1      	CPI  R30,LOW(0x1)
000188 f4a9      	BRNE _0x200001F
000189 3225      	CPI  R18,37
00018a f419      	BRNE _0x2000020
00018b 940e 03b7 	CALL SUBOPT_0x2
00018d c102      	RJMP _0x20000CC
                 _0x2000020:
00018e e012      	LDI  R17,LOW(2)
00018f e040      	LDI  R20,LOW(0)
000190 e000      	LDI  R16,LOW(0)
000191 322d      	CPI  R18,45
000192 f411      	BRNE _0x2000021
000193 e001      	LDI  R16,LOW(1)
000194 c0fc      	RJMP _0x200001B
                 _0x2000021:
000195 322b      	CPI  R18,43
000196 f411      	BRNE _0x2000022
000197 e24b      	LDI  R20,LOW(43)
000198 c0f8      	RJMP _0x200001B
                 _0x2000022:
000199 3220      	CPI  R18,32
00019a f411      	BRNE _0x2000023
00019b e240      	LDI  R20,LOW(32)
00019c c0f4      	RJMP _0x200001B
                 _0x2000023:
00019d c002      	RJMP _0x2000024
                 _0x200001F:
00019e 30e2      	CPI  R30,LOW(0x2)
00019f f439      	BRNE _0x2000025
                 _0x2000024:
0001a0 e050      	LDI  R21,LOW(0)
0001a1 e013      	LDI  R17,LOW(3)
0001a2 3320      	CPI  R18,48
0001a3 f411      	BRNE _0x2000026
0001a4 6800      	ORI  R16,LOW(128)
0001a5 c0eb      	RJMP _0x200001B
                 _0x2000026:
0001a6 c003      	RJMP _0x2000027
                 _0x2000025:
0001a7 30e3      	CPI  R30,LOW(0x3)
0001a8 f009      	BREQ PC+2
0001a9 c0e7      	RJMP _0x200001B
                 _0x2000027:
0001aa 3320      	CPI  R18,48
0001ab f010      	BRLO _0x200002A
0001ac 332a      	CPI  R18,58
0001ad f008      	BRLO _0x200002B
                 _0x200002A:
0001ae c007      	RJMP _0x2000029
                 _0x200002B:
0001af e0aa      	LDI  R26,LOW(10)
0001b0 9f5a      	MUL  R21,R26
0001b1 2d50      	MOV  R21,R0
0001b2 2fe2      	MOV  R30,R18
0001b3 53e0      	SUBI R30,LOW(48)
0001b4 0f5e      	ADD  R21,R30
0001b5 c0db      	RJMP _0x200001B
                 _0x2000029:
0001b6 2fe2      	MOV  R30,R18
0001b7 36e3      	CPI  R30,LOW(0x63)
0001b8 f449      	BRNE _0x200002F
0001b9 940e 03be 	CALL SUBOPT_0x3
0001bb 89e8      	LDD  R30,Y+16
0001bc 89f9      	LDD  R31,Y+16+1
0001bd 81a4      	LDD  R26,Z+4
0001be 93aa      	ST   -Y,R26
0001bf 940e 03c4 	CALL SUBOPT_0x4
0001c1 c0ce      	RJMP _0x2000030
                 _0x200002F:
0001c2 37e3      	CPI  R30,LOW(0x73)
0001c3 f441      	BRNE _0x2000032
0001c4 940e 03be 	CALL SUBOPT_0x3
0001c6 940e 03ca 	CALL SUBOPT_0x5
0001c8 940e 036d 	CALL _strlen
0001ca 2f1e      	MOV  R17,R30
0001cb c00a      	RJMP _0x2000033
                 _0x2000032:
0001cc 37e0      	CPI  R30,LOW(0x70)
0001cd f461      	BRNE _0x2000035
0001ce 940e 03be 	CALL SUBOPT_0x3
0001d0 940e 03ca 	CALL SUBOPT_0x5
0001d2 940e 0379 	CALL _strlenf
0001d4 2f1e      	MOV  R17,R30
0001d5 6008      	ORI  R16,LOW(8)
                 _0x2000033:
0001d6 6002      	ORI  R16,LOW(2)
0001d7 770f      	ANDI R16,LOW(127)
0001d8 e030      	LDI  R19,LOW(0)
0001d9 c034      	RJMP _0x2000036
                 _0x2000035:
0001da 36e4      	CPI  R30,LOW(0x64)
0001db f011      	BREQ _0x2000039
0001dc 36e9      	CPI  R30,LOW(0x69)
0001dd f411      	BRNE _0x200003A
                 _0x2000039:
0001de 6004      	ORI  R16,LOW(4)
0001df c002      	RJMP _0x200003B
                 _0x200003A:
0001e0 37e5      	CPI  R30,LOW(0x75)
0001e1 f431      	BRNE _0x200003C
                 _0x200003B:
0001e2 e5e4      	LDI  R30,LOW(_tbl10_G100*2)
0001e3 e0f0      	LDI  R31,HIGH(_tbl10_G100*2)
0001e4 83ee      	STD  Y+6,R30
0001e5 83ff      	STD  Y+6+1,R31
0001e6 e015      	LDI  R17,LOW(5)
0001e7 c00c      	RJMP _0x200003D
                 _0x200003C:
0001e8 35e8      	CPI  R30,LOW(0x58)
0001e9 f411      	BRNE _0x200003F
0001ea 6008      	ORI  R16,LOW(8)
0001eb c003      	RJMP _0x2000040
                 _0x200003F:
0001ec 37e8      	CPI  R30,LOW(0x78)
0001ed f009      	BREQ PC+2
0001ee c0a1      	RJMP _0x2000071
                 _0x2000040:
0001ef e5ee      	LDI  R30,LOW(_tbl16_G100*2)
0001f0 e0f0      	LDI  R31,HIGH(_tbl16_G100*2)
0001f1 83ee      	STD  Y+6,R30
0001f2 83ff      	STD  Y+6+1,R31
0001f3 e014      	LDI  R17,LOW(4)
                 _0x200003D:
0001f4 ff02      	SBRS R16,2
0001f5 c014      	RJMP _0x2000042
0001f6 940e 03be 	CALL SUBOPT_0x3
0001f8 940e 03d4 	CALL SUBOPT_0x6
0001fa 85ab      	LDD  R26,Y+11
0001fb 23aa      	TST  R26
0001fc f43a      	BRPL _0x2000043
0001fd 85ea      	LDD  R30,Y+10
0001fe 85fb      	LDD  R31,Y+10+1
0001ff 940e 03ff 	CALL __ANEGW1
000201 87ea      	STD  Y+10,R30
000202 87fb      	STD  Y+10+1,R31
000203 e24d      	LDI  R20,LOW(45)
                 _0x2000043:
000204 3040      	CPI  R20,0
000205 f011      	BREQ _0x2000044
000206 5f1f      	SUBI R17,-LOW(1)
000207 c001      	RJMP _0x2000045
                 _0x2000044:
000208 7f0b      	ANDI R16,LOW(251)
                 _0x2000045:
000209 c004      	RJMP _0x2000046
                 _0x2000042:
00020a 940e 03be 	CALL SUBOPT_0x3
00020c 940e 03d4 	CALL SUBOPT_0x6
                 _0x2000046:
                 _0x2000036:
00020e fd00      	SBRC R16,0
00020f c011      	RJMP _0x2000047
                 _0x2000048:
000210 1715      	CP   R17,R21
000211 f478      	BRSH _0x200004A
000212 ff07      	SBRS R16,7
000213 c008      	RJMP _0x200004B
000214 ff02      	SBRS R16,2
000215 c004      	RJMP _0x200004C
000216 7f0b      	ANDI R16,LOW(251)
000217 2f24      	MOV  R18,R20
000218 5011      	SUBI R17,LOW(1)
000219 c001      	RJMP _0x200004D
                 _0x200004C:
00021a e320      	LDI  R18,LOW(48)
                 _0x200004D:
00021b c001      	RJMP _0x200004E
                 _0x200004B:
00021c e220      	LDI  R18,LOW(32)
                 _0x200004E:
00021d 940e 03b7 	CALL SUBOPT_0x2
00021f 5051      	SUBI R21,LOW(1)
000220 cfef      	RJMP _0x2000048
                 _0x200004A:
                 _0x2000047:
000221 2f31      	MOV  R19,R17
000222 ff01      	SBRS R16,1
000223 c017      	RJMP _0x200004F
                 _0x2000050:
000224 3030      	CPI  R19,0
000225 f0a1      	BREQ _0x2000052
000226 ff03      	SBRS R16,3
000227 c006      	RJMP _0x2000053
000228 81ee      	LDD  R30,Y+6
000229 81ff      	LDD  R31,Y+6+1
00022a 9125      	LPM  R18,Z+
00022b 83ee      	STD  Y+6,R30
00022c 83ff      	STD  Y+6+1,R31
00022d c005      	RJMP _0x2000054
                 _0x2000053:
00022e 81ae      	LDD  R26,Y+6
00022f 81bf      	LDD  R27,Y+6+1
000230 912d      	LD   R18,X+
000231 83ae      	STD  Y+6,R26
000232 83bf      	STD  Y+6+1,R27
                 _0x2000054:
000233 940e 03b7 	CALL SUBOPT_0x2
000235 3050      	CPI  R21,0
000236 f009      	BREQ _0x2000055
000237 5051      	SUBI R21,LOW(1)
                 _0x2000055:
000238 5031      	SUBI R19,LOW(1)
000239 cfea      	RJMP _0x2000050
                 _0x2000052:
00023a c04b      	RJMP _0x2000056
                 _0x200004F:
                 _0x2000058:
00023b e320      	LDI  R18,LOW(48)
00023c 81ee      	LDD  R30,Y+6
00023d 81ff      	LDD  R31,Y+6+1
00023e 940e 042d 	CALL __GETW1PF
000240 87e8      	STD  Y+8,R30
000241 87f9      	STD  Y+8+1,R31
000242 81ee      	LDD  R30,Y+6
000243 81ff      	LDD  R31,Y+6+1
000244 9632      	ADIW R30,2
000245 83ee      	STD  Y+6,R30
000246 83ff      	STD  Y+6+1,R31
                 _0x200005A:
000247 85e8      	LDD  R30,Y+8
000248 85f9      	LDD  R31,Y+8+1
000249 85aa      	LDD  R26,Y+10
00024a 85bb      	LDD  R27,Y+10+1
00024b 17ae      	CP   R26,R30
00024c 07bf      	CPC  R27,R31
00024d f050      	BRLO _0x200005C
00024e 5f2f      	SUBI R18,-LOW(1)
00024f 85a8      	LDD  R26,Y+8
000250 85b9      	LDD  R27,Y+8+1
000251 85ea      	LDD  R30,Y+10
000252 85fb      	LDD  R31,Y+10+1
000253 1bea      	SUB  R30,R26
000254 0bfb      	SBC  R31,R27
000255 87ea      	STD  Y+10,R30
000256 87fb      	STD  Y+10+1,R31
000257 cfef      	RJMP _0x200005A
                 _0x200005C:
000258 332a      	CPI  R18,58
000259 f028      	BRLO _0x200005D
00025a ff03      	SBRS R16,3
00025b c002      	RJMP _0x200005E
00025c 5f29      	SUBI R18,-LOW(7)
00025d c001      	RJMP _0x200005F
                 _0x200005E:
00025e 5d29      	SUBI R18,-LOW(39)
                 _0x200005F:
                 _0x200005D:
00025f fd04      	SBRC R16,4
000260 c01a      	RJMP _0x2000061
000261 3321      	CPI  R18,49
000262 f420      	BRSH _0x2000063
000263 85a8      	LDD  R26,Y+8
000264 85b9      	LDD  R27,Y+8+1
000265 9711      	SBIW R26,1
000266 f409      	BRNE _0x2000062
                 _0x2000063:
000267 c009      	RJMP _0x20000CD
                 _0x2000062:
000268 1753      	CP   R21,R19
000269 f010      	BRLO _0x2000067
00026a ff00      	SBRS R16,0
00026b c001      	RJMP _0x2000068
                 _0x2000067:
00026c c013      	RJMP _0x2000066
                 _0x2000068:
00026d e220      	LDI  R18,LOW(32)
00026e ff07      	SBRS R16,7
00026f c00b      	RJMP _0x2000069
000270 e320      	LDI  R18,LOW(48)
                 _0x20000CD:
000271 6100      	ORI  R16,LOW(16)
000272 ff02      	SBRS R16,2
000273 c007      	RJMP _0x200006A
000274 7f0b      	ANDI R16,LOW(251)
000275 934a      	ST   -Y,R20
000276 940e 03c4 	CALL SUBOPT_0x4
000278 3050      	CPI  R21,0
000279 f009      	BREQ _0x200006B
00027a 5051      	SUBI R21,LOW(1)
                 _0x200006B:
                 _0x200006A:
                 _0x2000069:
                 _0x2000061:
00027b 940e 03b7 	CALL SUBOPT_0x2
00027d 3050      	CPI  R21,0
00027e f009      	BREQ _0x200006C
00027f 5051      	SUBI R21,LOW(1)
                 _0x200006C:
                 _0x2000066:
000280 5031      	SUBI R19,LOW(1)
000281 85a8      	LDD  R26,Y+8
000282 85b9      	LDD  R27,Y+8+1
000283 9712      	SBIW R26,2
000284 f008      	BRLO _0x2000059
000285 cfb5      	RJMP _0x2000058
                 _0x2000059:
                 _0x2000056:
000286 ff00      	SBRS R16,0
000287 c008      	RJMP _0x200006D
                 _0x200006E:
000288 3050      	CPI  R21,0
000289 f031      	BREQ _0x2000070
00028a 5051      	SUBI R21,LOW(1)
00028b e2e0      	LDI  R30,LOW(32)
00028c 93ea      	ST   -Y,R30
00028d 940e 03c4 	CALL SUBOPT_0x4
00028f cff8      	RJMP _0x200006E
                 _0x2000070:
                 _0x200006D:
                 _0x2000071:
                 _0x2000030:
                 _0x20000CC:
000290 e010      	LDI  R17,LOW(0)
                 _0x200001B:
000291 cee0      	RJMP _0x2000016
                 _0x2000018:
000292 85ac      	LDD  R26,Y+12
000293 85bd      	LDD  R27,Y+12+1
000294 940e 0429 	CALL __GETW1P
000296 940e 043d 	CALL __LOADLOCR6
000298 9664      	ADIW R28,20
000299 9508      	RET
                 ; .FEND
                 _sprintf:
                 ; .FSTART _sprintf
00029a 92ff      	PUSH R15
00029b 2ef8      	MOV  R15,R24
00029c 9726      	SBIW R28,6
00029d 940e 0438 	CALL __SAVELOCR4
00029f 940e 03dc 	CALL SUBOPT_0x7
0002a1 9730      	SBIW R30,0
0002a2 f419      	BRNE _0x2000072
0002a3 efef      	LDI  R30,LOW(65535)
0002a4 efff      	LDI  R31,HIGH(65535)
0002a5 c023      	RJMP _0x2080002
                 _0x2000072:
0002a6 01de      	MOVW R26,R28
0002a7 9616      	ADIW R26,6
0002a8 940e 03fb 	CALL __ADDW2R15
0002aa 018d      	MOVW R16,R26
0002ab 940e 03dc 	CALL SUBOPT_0x7
0002ad 83ee      	STD  Y+6,R30
0002ae 83ff      	STD  Y+6+1,R31
0002af e0e0      	LDI  R30,LOW(0)
0002b0 87e8      	STD  Y+8,R30
0002b1 87e9      	STD  Y+8+1,R30
0002b2 01de      	MOVW R26,R28
0002b3 961a      	ADIW R26,10
0002b4 940e 03fb 	CALL __ADDW2R15
0002b6 940e 0429 	CALL __GETW1P
0002b8 93fa      	ST   -Y,R31
0002b9 93ea      	ST   -Y,R30
0002ba 931a      	ST   -Y,R17
0002bb 930a      	ST   -Y,R16
0002bc e2e6      	LDI  R30,LOW(_put_buff_G100)
0002bd e0f1      	LDI  R31,HIGH(_put_buff_G100)
0002be 93fa      	ST   -Y,R31
0002bf 93ea      	ST   -Y,R30
0002c0 01de      	MOVW R26,R28
0002c1 961a      	ADIW R26,10
0002c2 dea3      	RCALL __print_G100
0002c3 019f      	MOVW R18,R30
0002c4 81ae      	LDD  R26,Y+6
0002c5 81bf      	LDD  R27,Y+6+1
0002c6 e0e0      	LDI  R30,LOW(0)
0002c7 93ec      	ST   X,R30
0002c8 01f9      	MOVW R30,R18
                 _0x2080002:
0002c9 940e 043f 	CALL __LOADLOCR4
0002cb 962a      	ADIW R28,10
0002cc 90ff      	POP  R15
0002cd 9508      	RET
                 ; .FEND
                 	#ifndef __SLEEP_DEFINED__
                 	#endif
                 
                 	.DSEG
                 
                 	.CSEG
                 __lcd_write_nibble_G101:
                 ; .FSTART __lcd_write_nibble_G101
0002ce 93aa      	ST   -Y,R26
0002cf b3e5      	IN   R30,0x15
0002d0 70ef      	ANDI R30,LOW(0xF)
0002d1 2fae      	MOV  R26,R30
0002d2 81e8      	LD   R30,Y
0002d3 7fe0      	ANDI R30,LOW(0xF0)
0002d4 2bea      	OR   R30,R26
0002d5 bbe5      	OUT  0x15,R30
                +
0002d6 e08d     +LDI R24 , LOW ( 13 )
                +__DELAY_USB_LOOP :
0002d7 958a     +DEC R24
0002d8 f7f1     +BRNE __DELAY_USB_LOOP
                 	__DELAY_USB 13
0002d9 9aaa      	SBI  0x15,2
                +
0002da e08d     +LDI R24 , LOW ( 13 )
                +__DELAY_USB_LOOP :
0002db 958a     +DEC R24
0002dc f7f1     +BRNE __DELAY_USB_LOOP
                 	__DELAY_USB 13
0002dd 98aa      	CBI  0x15,2
                +
0002de e08d     +LDI R24 , LOW ( 13 )
                +__DELAY_USB_LOOP :
0002df 958a     +DEC R24
0002e0 f7f1     +BRNE __DELAY_USB_LOOP
                 	__DELAY_USB 13
0002e1 c089      	RJMP _0x2080001
                 ; .FEND
                 __lcd_write_data:
                 ; .FSTART __lcd_write_data
0002e2 93aa      	ST   -Y,R26
0002e3 81a8      	LD   R26,Y
0002e4 dfe9      	RCALL __lcd_write_nibble_G101
0002e5 81e8          ld    r30,y
0002e6 95e2          swap  r30
0002e7 83e8          st    y,r30
0002e8 81a8      	LD   R26,Y
0002e9 dfe4      	RCALL __lcd_write_nibble_G101
                +
0002ea e885     +LDI R24 , LOW ( 133 )
                +__DELAY_USB_LOOP :
0002eb 958a     +DEC R24
0002ec f7f1     +BRNE __DELAY_USB_LOOP
                 	__DELAY_USB 133
0002ed c07d      	RJMP _0x2080001
                 ; .FEND
                 _lcd_gotoxy:
                 ; .FSTART _lcd_gotoxy
0002ee 93aa      	ST   -Y,R26
0002ef 81e8      	LD   R30,Y
0002f0 e0f0      	LDI  R31,0
0002f1 58e2      	SUBI R30,LOW(-__base_y_G101)
0002f2 4ffd      	SBCI R31,HIGH(-__base_y_G101)
0002f3 81e0      	LD   R30,Z
0002f4 81a9      	LDD  R26,Y+1
0002f5 0fae      	ADD  R26,R30
0002f6 dfeb      	RCALL __lcd_write_data
0002f7 81e9      	LDD  R30,Y+1
0002f8 93e0 0282 	STS  __lcd_x,R30
0002fa 81e8      	LD   R30,Y
0002fb 93e0 0283 	STS  __lcd_y,R30
0002fd 9622      	ADIW R28,2
0002fe 9508      	RET
                 ; .FEND
                 _lcd_clear:
                 ; .FSTART _lcd_clear
0002ff e0a2      	LDI  R26,LOW(2)
000300 940e 03e3 	CALL SUBOPT_0x8
000302 e0ac      	LDI  R26,LOW(12)
000303 dfde      	RCALL __lcd_write_data
000304 e0a1      	LDI  R26,LOW(1)
000305 940e 03e3 	CALL SUBOPT_0x8
000307 e0e0      	LDI  R30,LOW(0)
000308 93e0 0283 	STS  __lcd_y,R30
00030a 93e0 0282 	STS  __lcd_x,R30
00030c 9508      	RET
                 ; .FEND
                 _lcd_putchar:
                 ; .FSTART _lcd_putchar
00030d 93aa      	ST   -Y,R26
00030e 81a8      	LD   R26,Y
00030f 30aa      	CPI  R26,LOW(0xA)
000310 f031      	BREQ _0x2020005
000311 91e0 0284 	LDS  R30,__lcd_maxx
000313 91a0 0282 	LDS  R26,__lcd_x
000315 17ae      	CP   R26,R30
000316 f060      	BRLO _0x2020004
                 _0x2020005:
000317 e0e0      	LDI  R30,LOW(0)
000318 93ea      	ST   -Y,R30
000319 91a0 0283 	LDS  R26,__lcd_y
00031b 5faf      	SUBI R26,-LOW(1)
00031c 93a0 0283 	STS  __lcd_y,R26
00031e dfcf      	RCALL _lcd_gotoxy
00031f 81a8      	LD   R26,Y
000320 30aa      	CPI  R26,LOW(0xA)
000321 f409      	BRNE _0x2020007
000322 c048      	RJMP _0x2080001
                 _0x2020007:
                 _0x2020004:
000323 91e0 0282 	LDS  R30,__lcd_x
000325 5fef      	SUBI R30,-LOW(1)
000326 93e0 0282 	STS  __lcd_x,R30
000328 9aa8      	SBI  0x15,0
000329 81a8      	LD   R26,Y
00032a dfb7      	RCALL __lcd_write_data
00032b 98a8      	CBI  0x15,0
00032c c03e      	RJMP _0x2080001
                 ; .FEND
                 _lcd_puts:
                 ; .FSTART _lcd_puts
00032d 93ba      	ST   -Y,R27
00032e 93aa      	ST   -Y,R26
00032f 931a      	ST   -Y,R17
                 _0x2020008:
000330 81a9      	LDD  R26,Y+1
000331 81ba      	LDD  R27,Y+1+1
000332 91ed      	LD   R30,X+
000333 83a9      	STD  Y+1,R26
000334 83ba      	STD  Y+1+1,R27
000335 2f1e      	MOV  R17,R30
000336 30e0      	CPI  R30,0
000337 f019      	BREQ _0x202000A
000338 2fa1      	MOV  R26,R17
000339 dfd3      	RCALL _lcd_putchar
00033a cff5      	RJMP _0x2020008
                 _0x202000A:
00033b 8118      	LDD  R17,Y+0
00033c 9623      	ADIW R28,3
00033d 9508      	RET
                 ; .FEND
                 _lcd_init:
                 ; .FSTART _lcd_init
00033e 93aa      	ST   -Y,R26
00033f b3e4      	IN   R30,0x14
000340 6fe0      	ORI  R30,LOW(0xF0)
000341 bbe4      	OUT  0x14,R30
000342 9aa2      	SBI  0x14,2
000343 9aa0      	SBI  0x14,0
000344 9aa1      	SBI  0x14,1
000345 98aa      	CBI  0x15,2
000346 98a8      	CBI  0x15,0
000347 98a9      	CBI  0x15,1
000348 81e8      	LD   R30,Y
000349 93e0 0284 	STS  __lcd_maxx,R30
00034b 58e0      	SUBI R30,-LOW(128)
                +
00034c 93e0 0280+STS __base_y_G101 + ( 2 ) , R30
                 	__PUTB1MN __base_y_G101,2
00034e 81e8      	LD   R30,Y
00034f 54e0      	SUBI R30,-LOW(192)
                +
000350 93e0 0281+STS __base_y_G101 + ( 3 ) , R30
                 	__PUTB1MN __base_y_G101,3
000352 e1a4      	LDI  R26,LOW(20)
000353 e0b0      	LDI  R27,0
000354 940e 03f1 	CALL _delay_ms
000356 940e 03e9 	CALL SUBOPT_0x9
000358 940e 03e9 	CALL SUBOPT_0x9
00035a 940e 03e9 	CALL SUBOPT_0x9
00035c e2a0      	LDI  R26,LOW(32)
00035d df70      	RCALL __lcd_write_nibble_G101
                +
00035e ec88     +LDI R24 , LOW ( 200 )
00035f e090     +LDI R25 , HIGH ( 200 )
                +__DELAY_USW_LOOP :
000360 9701     +SBIW R24 , 1
000361 f7f1     +BRNE __DELAY_USW_LOOP
                 	__DELAY_USW 200
000362 e2a8      	LDI  R26,LOW(40)
000363 df7e      	RCALL __lcd_write_data
000364 e0a4      	LDI  R26,LOW(4)
000365 df7c      	RCALL __lcd_write_data
000366 e8a5      	LDI  R26,LOW(133)
000367 df7a      	RCALL __lcd_write_data
000368 e0a6      	LDI  R26,LOW(6)
000369 df78      	RCALL __lcd_write_data
00036a df94      	RCALL _lcd_clear
                 _0x2080001:
00036b 9621      	ADIW R28,1
00036c 9508      	RET
                 ; .FEND
                 
                 	.CSEG
                 
                 	.CSEG
                 _strlen:
                 ; .FSTART _strlen
00036d 93ba      	ST   -Y,R27
00036e 93aa      	ST   -Y,R26
00036f 91a9          ld   r26,y+
000370 91b9          ld   r27,y+
000371 27ee          clr  r30
000372 27ff          clr  r31
                 strlen0:
000373 916d          ld   r22,x+
000374 2366          tst  r22
000375 f011          breq strlen1
000376 9631          adiw r30,1
000377 cffb          rjmp strlen0
                 strlen1:
000378 9508          ret
                 ; .FEND
                 _strlenf:
                 ; .FSTART _strlenf
000379 93ba      	ST   -Y,R27
00037a 93aa      	ST   -Y,R26
00037b 27aa          clr  r26
00037c 27bb          clr  r27
00037d 91e9          ld   r30,y+
00037e 91f9          ld   r31,y+
                 strlenf0:
00037f 9005      	lpm  r0,z+
000380 2000          tst  r0
000381 f011          breq strlenf1
000382 9611          adiw r26,1
000383 cffb          rjmp strlenf0
                 strlenf1:
000384 01fd          movw r30,r26
000385 9508          ret
                 ; .FEND
                 
                 	.DSEG
                 _text:
000260           	.BYTE 0x1E
                 __base_y_G101:
00027e           	.BYTE 0x4
                 __lcd_x:
000282           	.BYTE 0x1
                 __lcd_y:
000283           	.BYTE 0x1
                 __lcd_maxx:
000284           	.BYTE 0x1
                 
                 	.CSEG
                 ;OPTIMIZER ADDED SUBROUTINE, CALLED 2 TIMES, CODE SIZE REDUCTION:8 WORDS
                 SUBOPT_0x0:
000386 920a      	ST   -Y,R0
000387 921a      	ST   -Y,R1
000388 92fa      	ST   -Y,R15
000389 936a      	ST   -Y,R22
00038a 937a      	ST   -Y,R23
00038b 938a      	ST   -Y,R24
00038c 939a      	ST   -Y,R25
00038d 93aa      	ST   -Y,R26
00038e 93ba      	ST   -Y,R27
00038f 93ea      	ST   -Y,R30
000390 93fa      	ST   -Y,R31
000391 b7ef      	IN   R30,SREG
000392 93ea      	ST   -Y,R30
000393 9508      	RET
                 
                 ;OPTIMIZER ADDED SUBROUTINE, CALLED 2 TIMES, CODE SIZE REDUCTION:30 WORDS
                 SUBOPT_0x1:
000394 b289      	IN   R8,25
000395 2499      	CLR  R9
000396 b2a6      	IN   R10,22
000397 24bb      	CLR  R11
000398 e0e0      	LDI  R30,LOW(0)
000399 93ea      	ST   -Y,R30
00039a e0a0      	LDI  R26,LOW(0)
00039b 940e 02ee 	CALL _lcd_gotoxy
00039d e6e0      	LDI  R30,LOW(_text)
00039e e0f2      	LDI  R31,HIGH(_text)
00039f 93fa      	ST   -Y,R31
0003a0 93ea      	ST   -Y,R30
                +
0003a1 e7e0     +LDI R30 , LOW ( 2 * _0x0 + ( 0 ) )
0003a2 e0f0     +LDI R31 , HIGH ( 2 * _0x0 + ( 0 ) )
                 	__POINTW1FN _0x0,0
0003a3 93fa      	ST   -Y,R31
0003a4 93ea      	ST   -Y,R30
0003a5 01f5      	MOVW R30,R10
0003a6 940e 0403 	CALL __CWD1
0003a8 940e 0431 	CALL __PUTPARD1
0003aa 01f4      	MOVW R30,R8
0003ab 940e 0403 	CALL __CWD1
0003ad 940e 0431 	CALL __PUTPARD1
0003af e088      	LDI  R24,8
0003b0 940e 029a 	CALL _sprintf
0003b2 962c      	ADIW R28,12
0003b3 e6a0      	LDI  R26,LOW(_text)
0003b4 e0b2      	LDI  R27,HIGH(_text)
0003b5 940c 032d 	JMP  _lcd_puts
                 
                 ;OPTIMIZER ADDED SUBROUTINE, CALLED 5 TIMES, CODE SIZE REDUCTION:13 WORDS
                 SUBOPT_0x2:
0003b7 932a      	ST   -Y,R18
0003b8 85ad      	LDD  R26,Y+13
0003b9 85be      	LDD  R27,Y+13+1
0003ba 85ef      	LDD  R30,Y+15
0003bb 89f8      	LDD  R31,Y+15+1
0003bc 9509      	ICALL
0003bd 9508      	RET
                 
                 ;OPTIMIZER ADDED SUBROUTINE, CALLED 5 TIMES, CODE SIZE REDUCTION:9 WORDS
                 SUBOPT_0x3:
0003be 89e8      	LDD  R30,Y+16
0003bf 89f9      	LDD  R31,Y+16+1
0003c0 9734      	SBIW R30,4
0003c1 8be8      	STD  Y+16,R30
0003c2 8bf9      	STD  Y+16+1,R31
0003c3 9508      	RET
                 
                 ;OPTIMIZER ADDED SUBROUTINE, CALLED 3 TIMES, CODE SIZE REDUCTION:3 WORDS
                 SUBOPT_0x4:
0003c4 85ad      	LDD  R26,Y+13
0003c5 85be      	LDD  R27,Y+13+1
0003c6 85ef      	LDD  R30,Y+15
0003c7 89f8      	LDD  R31,Y+15+1
0003c8 9509      	ICALL
0003c9 9508      	RET
                 
                 ;OPTIMIZER ADDED SUBROUTINE, CALLED 2 TIMES, CODE SIZE REDUCTION:4 WORDS
                 SUBOPT_0x5:
0003ca 89a8      	LDD  R26,Y+16
0003cb 89b9      	LDD  R27,Y+16+1
0003cc 9614      	ADIW R26,4
0003cd 940e 0429 	CALL __GETW1P
0003cf 83ee      	STD  Y+6,R30
0003d0 83ff      	STD  Y+6+1,R31
0003d1 81ae      	LDD  R26,Y+6
0003d2 81bf      	LDD  R27,Y+6+1
0003d3 9508      	RET
                 
                 ;OPTIMIZER ADDED SUBROUTINE, CALLED 2 TIMES, CODE SIZE REDUCTION:2 WORDS
                 SUBOPT_0x6:
0003d4 89a8      	LDD  R26,Y+16
0003d5 89b9      	LDD  R27,Y+16+1
0003d6 9614      	ADIW R26,4
0003d7 940e 0429 	CALL __GETW1P
0003d9 87ea      	STD  Y+10,R30
0003da 87fb      	STD  Y+10+1,R31
0003db 9508      	RET
                 
                 ;OPTIMIZER ADDED SUBROUTINE, CALLED 2 TIMES, CODE SIZE REDUCTION:1 WORDS
                 SUBOPT_0x7:
0003dc 01de      	MOVW R26,R28
0003dd 961c      	ADIW R26,12
0003de 940e 03fb 	CALL __ADDW2R15
0003e0 940e 0429 	CALL __GETW1P
0003e2 9508      	RET
                 
                 ;OPTIMIZER ADDED SUBROUTINE, CALLED 2 TIMES, CODE SIZE REDUCTION:1 WORDS
                 SUBOPT_0x8:
0003e3 940e 02e2 	CALL __lcd_write_data
0003e5 e0a3      	LDI  R26,LOW(3)
0003e6 e0b0      	LDI  R27,0
0003e7 940c 03f1 	JMP  _delay_ms
                 
                 ;OPTIMIZER ADDED SUBROUTINE, CALLED 3 TIMES, CODE SIZE REDUCTION:7 WORDS
                 SUBOPT_0x9:
0003e9 e3a0      	LDI  R26,LOW(48)
0003ea 940e 02ce 	CALL __lcd_write_nibble_G101
                +
0003ec ec88     +LDI R24 , LOW ( 200 )
0003ed e090     +LDI R25 , HIGH ( 200 )
                +__DELAY_USW_LOOP :
0003ee 9701     +SBIW R24 , 1
0003ef f7f1     +BRNE __DELAY_USW_LOOP
                 	__DELAY_USW 200
0003f0 9508      	RET
                 
                 
                 	.CSEG
                 _delay_ms:
0003f1 9610      	adiw r26,0
0003f2 f039      	breq __delay_ms1
                 __delay_ms0:
                +
0003f3 ed80     +LDI R24 , LOW ( 0x7D0 )
0003f4 e097     +LDI R25 , HIGH ( 0x7D0 )
                +__DELAY_USW_LOOP :
0003f5 9701     +SBIW R24 , 1
0003f6 f7f1     +BRNE __DELAY_USW_LOOP
                 	__DELAY_USW 0x7D0
0003f7 95a8      	wdr
0003f8 9711      	sbiw r26,1
0003f9 f7c9      	brne __delay_ms0
                 __delay_ms1:
0003fa 9508      	ret
                 
                 __ADDW2R15:
0003fb 2400      	CLR  R0
0003fc 0daf      	ADD  R26,R15
0003fd 1db0      	ADC  R27,R0
0003fe 9508      	RET
                 
                 __ANEGW1:
0003ff 95f1      	NEG  R31
000400 95e1      	NEG  R30
000401 40f0      	SBCI R31,0
000402 9508      	RET
                 
                 __CWD1:
000403 2f6f      	MOV  R22,R31
000404 0f66      	ADD  R22,R22
000405 0b66      	SBC  R22,R22
000406 2f76      	MOV  R23,R22
000407 9508      	RET
                 
                 __DIVW21U:
000408 2400      	CLR  R0
000409 2411      	CLR  R1
00040a e190      	LDI  R25,16
                 __DIVW21U1:
00040b 0faa      	LSL  R26
00040c 1fbb      	ROL  R27
00040d 1c00      	ROL  R0
00040e 1c11      	ROL  R1
00040f 1a0e      	SUB  R0,R30
000410 0a1f      	SBC  R1,R31
000411 f418      	BRCC __DIVW21U2
000412 0e0e      	ADD  R0,R30
000413 1e1f      	ADC  R1,R31
000414 c001      	RJMP __DIVW21U3
                 __DIVW21U2:
000415 60a1      	SBR  R26,1
                 __DIVW21U3:
000416 959a      	DEC  R25
000417 f799      	BRNE __DIVW21U1
000418 01fd      	MOVW R30,R26
000419 01d0      	MOVW R26,R0
00041a 9508      	RET
                 
                 __MODW21:
00041b 94e8      	CLT
00041c ffb7      	SBRS R27,7
00041d c004      	RJMP __MODW211
00041e 95a0      	COM  R26
00041f 95b0      	COM  R27
000420 9611      	ADIW R26,1
000421 9468      	SET
                 __MODW211:
000422 fdf7      	SBRC R31,7
000423 dfdb      	RCALL __ANEGW1
000424 dfe3      	RCALL __DIVW21U
000425 01fd      	MOVW R30,R26
000426 f40e      	BRTC __MODW212
000427 dfd7      	RCALL __ANEGW1
                 __MODW212:
000428 9508      	RET
                 
                 __GETW1P:
000429 91ed      	LD   R30,X+
00042a 91fc      	LD   R31,X
00042b 9711      	SBIW R26,1
00042c 9508      	RET
                 
                 __GETW1PF:
00042d 9005      	LPM  R0,Z+
00042e 91f4      	LPM  R31,Z
00042f 2de0      	MOV  R30,R0
000430 9508      	RET
                 
                 __PUTPARD1:
000431 937a      	ST   -Y,R23
000432 936a      	ST   -Y,R22
000433 93fa      	ST   -Y,R31
000434 93ea      	ST   -Y,R30
000435 9508      	RET
                 
                 __SAVELOCR6:
000436 935a      	ST   -Y,R21
                 __SAVELOCR5:
000437 934a      	ST   -Y,R20
                 __SAVELOCR4:
000438 933a      	ST   -Y,R19
                 __SAVELOCR3:
000439 932a      	ST   -Y,R18
                 __SAVELOCR2:
00043a 931a      	ST   -Y,R17
00043b 930a      	ST   -Y,R16
00043c 9508      	RET
                 
                 __LOADLOCR6:
00043d 815d      	LDD  R21,Y+5
                 __LOADLOCR5:
00043e 814c      	LDD  R20,Y+4
                 __LOADLOCR4:
00043f 813b      	LDD  R19,Y+3
                 __LOADLOCR3:
000440 812a      	LDD  R18,Y+2
                 __LOADLOCR2:
000441 8119      	LDD  R17,Y+1
000442 8108      	LD   R16,Y
000443 9508      	RET
                 
                 ;END OF CODE MARKER
                 __END_OF_CODE:


RESOURCE USE INFORMATION
------------------------

Notice:
The register and instruction counts are symbol table hit counts,
and hence implicitly used resources are not counted, eg, the
'lpm' instruction without operands implicitly uses r0 and z,
none of which are counted.

x,y,z are separate entities in the symbol table and are
counted separately from r26..r31 here.

.dseg memory usage only counts static data declared with .byte

ATmega32 register use summary:
r0 :  26 r1 :   7 r2 :   0 r3 :   0 r4 :   4 r5 :   3 r6 :   4 r7 :   2 
r8 :   8 r9 :   2 r10:   7 r11:   3 r12:   3 r13:   2 r14:   0 r15:   6 
r16:  34 r17:  24 r18:  29 r19:   8 r20:   9 r21:  17 r22:  13 r23:   4 
r24:  26 r25:   9 r26: 113 r27:  43 r28:  15 r29:   1 r30: 255 r31:  77 
x  :  23 y  : 202 z  :  15 
Registers used: 32 out of 35 (91.4%)

ATmega32 instruction use summary:
.lds  :   0 .lds.l:   0 .sts  :   0 .sts.l:   0 adc   :   2 add   :   5 
adiw  :  29 and   :   0 andi  :   6 asr   :   0 bclr  :   0 bld   :   0 
brbc  :   0 brbs  :   0 brcc  :   1 brcs  :   0 break :   0 breq  :  19 
brge  :   1 brhc  :   0 brhs  :   0 brid  :   0 brie  :   0 brlo  :   8 
brlt  :   1 brmi  :   1 brne  :  33 brpl  :   1 brsh  :   2 brtc  :   1 
brts  :   0 brvc  :   0 brvs  :   0 bset  :   0 bst   :   0 call  :  65 
cbi   :   6 cbr   :   0 clc   :   0 clh   :   0 cli   :   1 cln   :   0 
clr   :  19 cls   :   0 clt   :   1 clv   :   0 clz   :   0 com   :   2 
cp    :   7 cpc   :   5 cpi   :  33 cpse  :   0 dec   :   6 des   :   0 
eor   :   0 fmul  :   0 fmuls :   0 fmulsu:   0 icall :   2 ijmp  :   0 
in    :   7 inc   :   0 jmp   :  24 ld    :  42 ldd   :  75 ldi   : 119 
lds   :   4 lpm   :  14 lsl   :   1 lsr   :   0 mov   :  19 movw  :  31 
mul   :   1 muls  :   0 mulsu :   0 neg   :   2 nop   :   0 or    :   4 
ori   :   8 out   :  47 pop   :   1 push  :   1 rcall :  17 ret   :  28 
reti  :   2 rjmp  :  65 rol   :   3 ror   :   0 sbc   :   3 sbci  :   2 
sbi   :   6 sbic  :   0 sbis  :   0 sbiw  :  19 sbr   :   1 sbrc  :   3 
sbrs  :  11 sec   :   0 seh   :   0 sei   :   1 sen   :   0 ser   :   0 
ses   :   0 set   :   1 sev   :   0 sez   :   0 sleep :   0 spm   :   0 
st    :  80 std   :  31 sts   :   9 sub   :   2 subi  :  18 swap  :   1 
tst   :   4 wdr   :   1 
Instructions used: 64 out of 116 (55.2%)

ATmega32 memory use summary [bytes]:
Segment   Begin    End      Code   Data   Used    Size   Use%
---------------------------------------------------------------
[.cseg] 0x000000 0x000888   2130     54   2184   32768   6.7%
[.dseg] 0x000060 0x000285      0     37     37    2048   1.8%
[.eseg] 0x000000 0x000000      0      0      0    1024   0.0%

Assembly complete, 0 errors, 10 warnings
